2015/06/23 18:46:07 [error] [exception.CException] exception 'CException' with message 'CAssetManager.basePath "C:\wamp\www\PROJECTS\papkaj\protected\config\..\..\..\assets" is invalid. Please make sure the directory exists and is writable by the Web server process.' in C:\wamp\www\PROJECTS\papkaj\yii\framework\web\CAssetManager.php:138
Stack trace:
#0 C:\wamp\www\PROJECTS\papkaj\yii\framework\base\CComponent.php(152): CAssetManager->setBasePath('C:\\wamp\\www\\PRO...')
#1 C:\wamp\www\PROJECTS\papkaj\yii\framework\YiiBase.php(220): CComponent->__set('basePath', 'C:\\wamp\\www\\PRO...')
#2 C:\wamp\www\PROJECTS\papkaj\yii\framework\base\CModule.php(393): YiiBase::createComponent(Array)
#3 C:\wamp\www\PROJECTS\papkaj\yii\framework\base\CModule.php(103): CModule->getComponent('assetManager')
#4 C:\wamp\www\PROJECTS\papkaj\protected\views\layouts\main.php(23): CModule->__get('assetManager')
#5 C:\wamp\www\PROJECTS\papkaj\yii\framework\web\CBaseController.php(126): require('C:\\wamp\\www\\PRO...')
#6 C:\wamp\www\PROJECTS\papkaj\yii\framework\web\CBaseController.php(95): CBaseController->renderInternal('C:\\wamp\\www\\PRO...', Array, true)
#7 C:\wamp\www\PROJECTS\papkaj\yii\framework\web\widgets\CContentDecorator.php(76): CBaseController->renderFile('C:\\wamp\\www\\PRO...', Array, true)
#8 C:\wamp\www\PROJECTS\papkaj\yii\framework\web\widgets\CContentDecorator.php(54): CContentDecorator->decorate('<div id="conten...')
#9 C:\wamp\www\PROJECTS\papkaj\yii\framework\web\widgets\COutputProcessor.php(44): CContentDecorator->processOutput('<div id="conten...')
#10 C:\wamp\www\PROJECTS\papkaj\yii\framework\web\CBaseController.php(214): COutputProcessor->run()
#11 C:\wamp\www\PROJECTS\papkaj\yii\framework\web\CBaseController.php(308): CBaseController->endWidget('CContentDecorat...')
#12 C:\wamp\www\PROJECTS\papkaj\protected\views\layouts\column1.php(6): CBaseController->endContent()
#13 C:\wamp\www\PROJECTS\papkaj\yii\framework\web\CBaseController.php(126): require('C:\\wamp\\www\\PRO...')
#14 C:\wamp\www\PROJECTS\papkaj\yii\framework\web\CBaseController.php(95): CBaseController->renderInternal('C:\\wamp\\www\\PRO...', Array, true)
#15 C:\wamp\www\PROJECTS\papkaj\yii\framework\web\CController.php(784): CBaseController->renderFile('C:\\wamp\\www\\PRO...', Array, true)
#16 C:\wamp\www\PROJECTS\papkaj\protected\controllers\SiteController.php(32): CController->render('index')
#17 C:\wamp\www\PROJECTS\papkaj\yii\framework\web\actions\CInlineAction.php(49): SiteController->actionIndex()
#18 C:\wamp\www\PROJECTS\papkaj\yii\framework\web\CController.php(308): CInlineAction->runWithParams(Array)
#19 C:\wamp\www\PROJECTS\papkaj\yii\framework\web\CController.php(286): CController->runAction(Object(CInlineAction))
#20 C:\wamp\www\PROJECTS\papkaj\yii\framework\web\CController.php(265): CController->runActionWithFilters(Object(CInlineAction), Array)
#21 C:\wamp\www\PROJECTS\papkaj\yii\framework\web\CWebApplication.php(282): CController->run('')
#22 C:\wamp\www\PROJECTS\papkaj\yii\framework\web\CWebApplication.php(141): CWebApplication->runController('')
#23 C:\wamp\www\PROJECTS\papkaj\yii\framework\base\CApplication.php(184): CWebApplication->processRequest()
#24 C:\wamp\www\PROJECTS\papkaj\web\index.php(28): CApplication->run()
#25 {main}
REQUEST_URI=/
---
2015/06/23 18:46:46 [error] [exception.CException] exception 'CException' with message 'CAssetManager.basePath "C:\wamp\www\PROJECTS\papkaj\protected\config\..\..\..\assets" is invalid. Please make sure the directory exists and is writable by the Web server process.' in C:\wamp\www\PROJECTS\papkaj\yii\framework\web\CAssetManager.php:138
Stack trace:
#0 C:\wamp\www\PROJECTS\papkaj\yii\framework\base\CComponent.php(152): CAssetManager->setBasePath('C:\\wamp\\www\\PRO...')
#1 C:\wamp\www\PROJECTS\papkaj\yii\framework\YiiBase.php(220): CComponent->__set('basePath', 'C:\\wamp\\www\\PRO...')
#2 C:\wamp\www\PROJECTS\papkaj\yii\framework\base\CModule.php(393): YiiBase::createComponent(Array)
#3 C:\wamp\www\PROJECTS\papkaj\yii\framework\base\CModule.php(103): CModule->getComponent('assetManager')
#4 C:\wamp\www\PROJECTS\papkaj\protected\views\layouts\main.php(23): CModule->__get('assetManager')
#5 C:\wamp\www\PROJECTS\papkaj\yii\framework\web\CBaseController.php(126): require('C:\\wamp\\www\\PRO...')
#6 C:\wamp\www\PROJECTS\papkaj\yii\framework\web\CBaseController.php(95): CBaseController->renderInternal('C:\\wamp\\www\\PRO...', Array, true)
#7 C:\wamp\www\PROJECTS\papkaj\yii\framework\web\widgets\CContentDecorator.php(76): CBaseController->renderFile('C:\\wamp\\www\\PRO...', Array, true)
#8 C:\wamp\www\PROJECTS\papkaj\yii\framework\web\widgets\CContentDecorator.php(54): CContentDecorator->decorate('<div id="conten...')
#9 C:\wamp\www\PROJECTS\papkaj\yii\framework\web\widgets\COutputProcessor.php(44): CContentDecorator->processOutput('<div id="conten...')
#10 C:\wamp\www\PROJECTS\papkaj\yii\framework\web\CBaseController.php(214): COutputProcessor->run()
#11 C:\wamp\www\PROJECTS\papkaj\yii\framework\web\CBaseController.php(308): CBaseController->endWidget('CContentDecorat...')
#12 C:\wamp\www\PROJECTS\papkaj\protected\views\layouts\column1.php(6): CBaseController->endContent()
#13 C:\wamp\www\PROJECTS\papkaj\yii\framework\web\CBaseController.php(126): require('C:\\wamp\\www\\PRO...')
#14 C:\wamp\www\PROJECTS\papkaj\yii\framework\web\CBaseController.php(95): CBaseController->renderInternal('C:\\wamp\\www\\PRO...', Array, true)
#15 C:\wamp\www\PROJECTS\papkaj\yii\framework\web\CController.php(784): CBaseController->renderFile('C:\\wamp\\www\\PRO...', Array, true)
#16 C:\wamp\www\PROJECTS\papkaj\protected\controllers\SiteController.php(32): CController->render('index')
#17 C:\wamp\www\PROJECTS\papkaj\yii\framework\web\actions\CInlineAction.php(49): SiteController->actionIndex()
#18 C:\wamp\www\PROJECTS\papkaj\yii\framework\web\CController.php(308): CInlineAction->runWithParams(Array)
#19 C:\wamp\www\PROJECTS\papkaj\yii\framework\web\CController.php(286): CController->runAction(Object(CInlineAction))
#20 C:\wamp\www\PROJECTS\papkaj\yii\framework\web\CController.php(265): CController->runActionWithFilters(Object(CInlineAction), Array)
#21 C:\wamp\www\PROJECTS\papkaj\yii\framework\web\CWebApplication.php(282): CController->run('')
#22 C:\wamp\www\PROJECTS\papkaj\yii\framework\web\CWebApplication.php(141): CWebApplication->runController('')
#23 C:\wamp\www\PROJECTS\papkaj\yii\framework\base\CApplication.php(184): CWebApplication->processRequest()
#24 C:\wamp\www\PROJECTS\papkaj\web\index.php(28): CApplication->run()
#25 {main}
REQUEST_URI=/
---
2015/06/23 18:46:46 [error] [exception.CException] exception 'CException' with message 'CAssetManager.basePath "C:\wamp\www\PROJECTS\papkaj\protected\config\..\..\..\assets" is invalid. Please make sure the directory exists and is writable by the Web server process.' in C:\wamp\www\PROJECTS\papkaj\yii\framework\web\CAssetManager.php:138
Stack trace:
#0 C:\wamp\www\PROJECTS\papkaj\yii\framework\base\CComponent.php(152): CAssetManager->setBasePath('C:\\wamp\\www\\PRO...')
#1 C:\wamp\www\PROJECTS\papkaj\yii\framework\YiiBase.php(220): CComponent->__set('basePath', 'C:\\wamp\\www\\PRO...')
#2 C:\wamp\www\PROJECTS\papkaj\yii\framework\base\CModule.php(393): YiiBase::createComponent(Array)
#3 C:\wamp\www\PROJECTS\papkaj\yii\framework\base\CModule.php(103): CModule->getComponent('assetManager')
#4 C:\wamp\www\PROJECTS\papkaj\protected\views\layouts\main.php(23): CModule->__get('assetManager')
#5 C:\wamp\www\PROJECTS\papkaj\yii\framework\web\CBaseController.php(126): require('C:\\wamp\\www\\PRO...')
#6 C:\wamp\www\PROJECTS\papkaj\yii\framework\web\CBaseController.php(95): CBaseController->renderInternal('C:\\wamp\\www\\PRO...', Array, true)
#7 C:\wamp\www\PROJECTS\papkaj\yii\framework\web\widgets\CContentDecorator.php(76): CBaseController->renderFile('C:\\wamp\\www\\PRO...', Array, true)
#8 C:\wamp\www\PROJECTS\papkaj\yii\framework\web\widgets\CContentDecorator.php(54): CContentDecorator->decorate('<div id="conten...')
#9 C:\wamp\www\PROJECTS\papkaj\yii\framework\web\widgets\COutputProcessor.php(44): CContentDecorator->processOutput('<div id="conten...')
#10 C:\wamp\www\PROJECTS\papkaj\yii\framework\web\CBaseController.php(214): COutputProcessor->run()
#11 C:\wamp\www\PROJECTS\papkaj\yii\framework\web\CBaseController.php(308): CBaseController->endWidget('CContentDecorat...')
#12 C:\wamp\www\PROJECTS\papkaj\protected\views\layouts\column1.php(6): CBaseController->endContent()
#13 C:\wamp\www\PROJECTS\papkaj\yii\framework\web\CBaseController.php(126): require('C:\\wamp\\www\\PRO...')
#14 C:\wamp\www\PROJECTS\papkaj\yii\framework\web\CBaseController.php(95): CBaseController->renderInternal('C:\\wamp\\www\\PRO...', Array, true)
#15 C:\wamp\www\PROJECTS\papkaj\yii\framework\web\CController.php(784): CBaseController->renderFile('C:\\wamp\\www\\PRO...', Array, true)
#16 C:\wamp\www\PROJECTS\papkaj\protected\controllers\SiteController.php(32): CController->render('index')
#17 C:\wamp\www\PROJECTS\papkaj\yii\framework\web\actions\CInlineAction.php(49): SiteController->actionIndex()
#18 C:\wamp\www\PROJECTS\papkaj\yii\framework\web\CController.php(308): CInlineAction->runWithParams(Array)
#19 C:\wamp\www\PROJECTS\papkaj\yii\framework\web\CController.php(286): CController->runAction(Object(CInlineAction))
#20 C:\wamp\www\PROJECTS\papkaj\yii\framework\web\CController.php(265): CController->runActionWithFilters(Object(CInlineAction), Array)
#21 C:\wamp\www\PROJECTS\papkaj\yii\framework\web\CWebApplication.php(282): CController->run('')
#22 C:\wamp\www\PROJECTS\papkaj\yii\framework\web\CWebApplication.php(141): CWebApplication->runController('')
#23 C:\wamp\www\PROJECTS\papkaj\yii\framework\base\CApplication.php(184): CWebApplication->processRequest()
#24 C:\wamp\www\PROJECTS\papkaj\web\index.php(28): CApplication->run()
#25 {main}
REQUEST_URI=/
---
2015/06/23 18:46:47 [error] [exception.CException] exception 'CException' with message 'CAssetManager.basePath "C:\wamp\www\PROJECTS\papkaj\protected\config\..\..\..\assets" is invalid. Please make sure the directory exists and is writable by the Web server process.' in C:\wamp\www\PROJECTS\papkaj\yii\framework\web\CAssetManager.php:138
Stack trace:
#0 C:\wamp\www\PROJECTS\papkaj\yii\framework\base\CComponent.php(152): CAssetManager->setBasePath('C:\\wamp\\www\\PRO...')
#1 C:\wamp\www\PROJECTS\papkaj\yii\framework\YiiBase.php(220): CComponent->__set('basePath', 'C:\\wamp\\www\\PRO...')
#2 C:\wamp\www\PROJECTS\papkaj\yii\framework\base\CModule.php(393): YiiBase::createComponent(Array)
#3 C:\wamp\www\PROJECTS\papkaj\yii\framework\base\CModule.php(103): CModule->getComponent('assetManager')
#4 C:\wamp\www\PROJECTS\papkaj\protected\views\layouts\main.php(23): CModule->__get('assetManager')
#5 C:\wamp\www\PROJECTS\papkaj\yii\framework\web\CBaseController.php(126): require('C:\\wamp\\www\\PRO...')
#6 C:\wamp\www\PROJECTS\papkaj\yii\framework\web\CBaseController.php(95): CBaseController->renderInternal('C:\\wamp\\www\\PRO...', Array, true)
#7 C:\wamp\www\PROJECTS\papkaj\yii\framework\web\widgets\CContentDecorator.php(76): CBaseController->renderFile('C:\\wamp\\www\\PRO...', Array, true)
#8 C:\wamp\www\PROJECTS\papkaj\yii\framework\web\widgets\CContentDecorator.php(54): CContentDecorator->decorate('<div id="conten...')
#9 C:\wamp\www\PROJECTS\papkaj\yii\framework\web\widgets\COutputProcessor.php(44): CContentDecorator->processOutput('<div id="conten...')
#10 C:\wamp\www\PROJECTS\papkaj\yii\framework\web\CBaseController.php(214): COutputProcessor->run()
#11 C:\wamp\www\PROJECTS\papkaj\yii\framework\web\CBaseController.php(308): CBaseController->endWidget('CContentDecorat...')
#12 C:\wamp\www\PROJECTS\papkaj\protected\views\layouts\column1.php(6): CBaseController->endContent()
#13 C:\wamp\www\PROJECTS\papkaj\yii\framework\web\CBaseController.php(126): require('C:\\wamp\\www\\PRO...')
#14 C:\wamp\www\PROJECTS\papkaj\yii\framework\web\CBaseController.php(95): CBaseController->renderInternal('C:\\wamp\\www\\PRO...', Array, true)
#15 C:\wamp\www\PROJECTS\papkaj\yii\framework\web\CController.php(784): CBaseController->renderFile('C:\\wamp\\www\\PRO...', Array, true)
#16 C:\wamp\www\PROJECTS\papkaj\protected\controllers\SiteController.php(32): CController->render('index')
#17 C:\wamp\www\PROJECTS\papkaj\yii\framework\web\actions\CInlineAction.php(49): SiteController->actionIndex()
#18 C:\wamp\www\PROJECTS\papkaj\yii\framework\web\CController.php(308): CInlineAction->runWithParams(Array)
#19 C:\wamp\www\PROJECTS\papkaj\yii\framework\web\CController.php(286): CController->runAction(Object(CInlineAction))
#20 C:\wamp\www\PROJECTS\papkaj\yii\framework\web\CController.php(265): CController->runActionWithFilters(Object(CInlineAction), Array)
#21 C:\wamp\www\PROJECTS\papkaj\yii\framework\web\CWebApplication.php(282): CController->run('')
#22 C:\wamp\www\PROJECTS\papkaj\yii\framework\web\CWebApplication.php(141): CWebApplication->runController('')
#23 C:\wamp\www\PROJECTS\papkaj\yii\framework\base\CApplication.php(184): CWebApplication->processRequest()
#24 C:\wamp\www\PROJECTS\papkaj\web\index.php(28): CApplication->run()
#25 {main}
REQUEST_URI=/
---
2015/06/23 18:46:47 [error] [exception.CException] exception 'CException' with message 'CAssetManager.basePath "C:\wamp\www\PROJECTS\papkaj\protected\config\..\..\..\assets" is invalid. Please make sure the directory exists and is writable by the Web server process.' in C:\wamp\www\PROJECTS\papkaj\yii\framework\web\CAssetManager.php:138
Stack trace:
#0 C:\wamp\www\PROJECTS\papkaj\yii\framework\base\CComponent.php(152): CAssetManager->setBasePath('C:\\wamp\\www\\PRO...')
#1 C:\wamp\www\PROJECTS\papkaj\yii\framework\YiiBase.php(220): CComponent->__set('basePath', 'C:\\wamp\\www\\PRO...')
#2 C:\wamp\www\PROJECTS\papkaj\yii\framework\base\CModule.php(393): YiiBase::createComponent(Array)
#3 C:\wamp\www\PROJECTS\papkaj\yii\framework\base\CModule.php(103): CModule->getComponent('assetManager')
#4 C:\wamp\www\PROJECTS\papkaj\protected\views\layouts\main.php(23): CModule->__get('assetManager')
#5 C:\wamp\www\PROJECTS\papkaj\yii\framework\web\CBaseController.php(126): require('C:\\wamp\\www\\PRO...')
#6 C:\wamp\www\PROJECTS\papkaj\yii\framework\web\CBaseController.php(95): CBaseController->renderInternal('C:\\wamp\\www\\PRO...', Array, true)
#7 C:\wamp\www\PROJECTS\papkaj\yii\framework\web\widgets\CContentDecorator.php(76): CBaseController->renderFile('C:\\wamp\\www\\PRO...', Array, true)
#8 C:\wamp\www\PROJECTS\papkaj\yii\framework\web\widgets\CContentDecorator.php(54): CContentDecorator->decorate('<div id="conten...')
#9 C:\wamp\www\PROJECTS\papkaj\yii\framework\web\widgets\COutputProcessor.php(44): CContentDecorator->processOutput('<div id="conten...')
#10 C:\wamp\www\PROJECTS\papkaj\yii\framework\web\CBaseController.php(214): COutputProcessor->run()
#11 C:\wamp\www\PROJECTS\papkaj\yii\framework\web\CBaseController.php(308): CBaseController->endWidget('CContentDecorat...')
#12 C:\wamp\www\PROJECTS\papkaj\protected\views\layouts\column1.php(6): CBaseController->endContent()
#13 C:\wamp\www\PROJECTS\papkaj\yii\framework\web\CBaseController.php(126): require('C:\\wamp\\www\\PRO...')
#14 C:\wamp\www\PROJECTS\papkaj\yii\framework\web\CBaseController.php(95): CBaseController->renderInternal('C:\\wamp\\www\\PRO...', Array, true)
#15 C:\wamp\www\PROJECTS\papkaj\yii\framework\web\CController.php(784): CBaseController->renderFile('C:\\wamp\\www\\PRO...', Array, true)
#16 C:\wamp\www\PROJECTS\papkaj\protected\controllers\SiteController.php(32): CController->render('index')
#17 C:\wamp\www\PROJECTS\papkaj\yii\framework\web\actions\CInlineAction.php(49): SiteController->actionIndex()
#18 C:\wamp\www\PROJECTS\papkaj\yii\framework\web\CController.php(308): CInlineAction->runWithParams(Array)
#19 C:\wamp\www\PROJECTS\papkaj\yii\framework\web\CController.php(286): CController->runAction(Object(CInlineAction))
#20 C:\wamp\www\PROJECTS\papkaj\yii\framework\web\CController.php(265): CController->runActionWithFilters(Object(CInlineAction), Array)
#21 C:\wamp\www\PROJECTS\papkaj\yii\framework\web\CWebApplication.php(282): CController->run('')
#22 C:\wamp\www\PROJECTS\papkaj\yii\framework\web\CWebApplication.php(141): CWebApplication->runController('')
#23 C:\wamp\www\PROJECTS\papkaj\yii\framework\base\CApplication.php(184): CWebApplication->processRequest()
#24 C:\wamp\www\PROJECTS\papkaj\web\index.php(28): CApplication->run()
#25 {main}
REQUEST_URI=/
---
2015/06/23 18:48:04 [error] [exception.CException] exception 'CException' with message 'CAssetManager.basePath "C:\wamp\www\PROJECTS\papkaj\protected\config\..\..\..\assets" is invalid. Please make sure the directory exists and is writable by the Web server process.' in C:\wamp\www\PROJECTS\papkaj\yii\framework\web\CAssetManager.php:138
Stack trace:
#0 C:\wamp\www\PROJECTS\papkaj\yii\framework\base\CComponent.php(152): CAssetManager->setBasePath('C:\\wamp\\www\\PRO...')
#1 C:\wamp\www\PROJECTS\papkaj\yii\framework\YiiBase.php(220): CComponent->__set('basePath', 'C:\\wamp\\www\\PRO...')
#2 C:\wamp\www\PROJECTS\papkaj\yii\framework\base\CModule.php(393): YiiBase::createComponent(Array)
#3 C:\wamp\www\PROJECTS\papkaj\yii\framework\base\CModule.php(103): CModule->getComponent('assetManager')
#4 C:\wamp\www\PROJECTS\papkaj\protected\views\layouts\main.php(23): CModule->__get('assetManager')
#5 C:\wamp\www\PROJECTS\papkaj\yii\framework\web\CBaseController.php(126): require('C:\\wamp\\www\\PRO...')
#6 C:\wamp\www\PROJECTS\papkaj\yii\framework\web\CBaseController.php(95): CBaseController->renderInternal('C:\\wamp\\www\\PRO...', Array, true)
#7 C:\wamp\www\PROJECTS\papkaj\yii\framework\web\widgets\CContentDecorator.php(76): CBaseController->renderFile('C:\\wamp\\www\\PRO...', Array, true)
#8 C:\wamp\www\PROJECTS\papkaj\yii\framework\web\widgets\CContentDecorator.php(54): CContentDecorator->decorate('<div id="conten...')
#9 C:\wamp\www\PROJECTS\papkaj\yii\framework\web\widgets\COutputProcessor.php(44): CContentDecorator->processOutput('<div id="conten...')
#10 C:\wamp\www\PROJECTS\papkaj\yii\framework\web\CBaseController.php(214): COutputProcessor->run()
#11 C:\wamp\www\PROJECTS\papkaj\yii\framework\web\CBaseController.php(308): CBaseController->endWidget('CContentDecorat...')
#12 C:\wamp\www\PROJECTS\papkaj\protected\views\layouts\column1.php(6): CBaseController->endContent()
#13 C:\wamp\www\PROJECTS\papkaj\yii\framework\web\CBaseController.php(126): require('C:\\wamp\\www\\PRO...')
#14 C:\wamp\www\PROJECTS\papkaj\yii\framework\web\CBaseController.php(95): CBaseController->renderInternal('C:\\wamp\\www\\PRO...', Array, true)
#15 C:\wamp\www\PROJECTS\papkaj\yii\framework\web\CController.php(784): CBaseController->renderFile('C:\\wamp\\www\\PRO...', Array, true)
#16 C:\wamp\www\PROJECTS\papkaj\protected\controllers\SiteController.php(32): CController->render('index')
#17 C:\wamp\www\PROJECTS\papkaj\yii\framework\web\actions\CInlineAction.php(49): SiteController->actionIndex()
#18 C:\wamp\www\PROJECTS\papkaj\yii\framework\web\CController.php(308): CInlineAction->runWithParams(Array)
#19 C:\wamp\www\PROJECTS\papkaj\yii\framework\web\CController.php(286): CController->runAction(Object(CInlineAction))
#20 C:\wamp\www\PROJECTS\papkaj\yii\framework\web\CController.php(265): CController->runActionWithFilters(Object(CInlineAction), Array)
#21 C:\wamp\www\PROJECTS\papkaj\yii\framework\web\CWebApplication.php(282): CController->run('')
#22 C:\wamp\www\PROJECTS\papkaj\yii\framework\web\CWebApplication.php(141): CWebApplication->runController('')
#23 C:\wamp\www\PROJECTS\papkaj\yii\framework\base\CApplication.php(184): CWebApplication->processRequest()
#24 C:\wamp\www\PROJECTS\papkaj\web\index.php(28): CApplication->run()
#25 {main}
REQUEST_URI=/
---
2015/06/23 18:48:05 [error] [exception.CException] exception 'CException' with message 'CAssetManager.basePath "C:\wamp\www\PROJECTS\papkaj\protected\config\..\..\..\assets" is invalid. Please make sure the directory exists and is writable by the Web server process.' in C:\wamp\www\PROJECTS\papkaj\yii\framework\web\CAssetManager.php:138
Stack trace:
#0 C:\wamp\www\PROJECTS\papkaj\yii\framework\base\CComponent.php(152): CAssetManager->setBasePath('C:\\wamp\\www\\PRO...')
#1 C:\wamp\www\PROJECTS\papkaj\yii\framework\YiiBase.php(220): CComponent->__set('basePath', 'C:\\wamp\\www\\PRO...')
#2 C:\wamp\www\PROJECTS\papkaj\yii\framework\base\CModule.php(393): YiiBase::createComponent(Array)
#3 C:\wamp\www\PROJECTS\papkaj\yii\framework\base\CModule.php(103): CModule->getComponent('assetManager')
#4 C:\wamp\www\PROJECTS\papkaj\protected\views\layouts\main.php(23): CModule->__get('assetManager')
#5 C:\wamp\www\PROJECTS\papkaj\yii\framework\web\CBaseController.php(126): require('C:\\wamp\\www\\PRO...')
#6 C:\wamp\www\PROJECTS\papkaj\yii\framework\web\CBaseController.php(95): CBaseController->renderInternal('C:\\wamp\\www\\PRO...', Array, true)
#7 C:\wamp\www\PROJECTS\papkaj\yii\framework\web\widgets\CContentDecorator.php(76): CBaseController->renderFile('C:\\wamp\\www\\PRO...', Array, true)
#8 C:\wamp\www\PROJECTS\papkaj\yii\framework\web\widgets\CContentDecorator.php(54): CContentDecorator->decorate('<div id="conten...')
#9 C:\wamp\www\PROJECTS\papkaj\yii\framework\web\widgets\COutputProcessor.php(44): CContentDecorator->processOutput('<div id="conten...')
#10 C:\wamp\www\PROJECTS\papkaj\yii\framework\web\CBaseController.php(214): COutputProcessor->run()
#11 C:\wamp\www\PROJECTS\papkaj\yii\framework\web\CBaseController.php(308): CBaseController->endWidget('CContentDecorat...')
#12 C:\wamp\www\PROJECTS\papkaj\protected\views\layouts\column1.php(6): CBaseController->endContent()
#13 C:\wamp\www\PROJECTS\papkaj\yii\framework\web\CBaseController.php(126): require('C:\\wamp\\www\\PRO...')
#14 C:\wamp\www\PROJECTS\papkaj\yii\framework\web\CBaseController.php(95): CBaseController->renderInternal('C:\\wamp\\www\\PRO...', Array, true)
#15 C:\wamp\www\PROJECTS\papkaj\yii\framework\web\CController.php(784): CBaseController->renderFile('C:\\wamp\\www\\PRO...', Array, true)
#16 C:\wamp\www\PROJECTS\papkaj\protected\controllers\SiteController.php(32): CController->render('index')
#17 C:\wamp\www\PROJECTS\papkaj\yii\framework\web\actions\CInlineAction.php(49): SiteController->actionIndex()
#18 C:\wamp\www\PROJECTS\papkaj\yii\framework\web\CController.php(308): CInlineAction->runWithParams(Array)
#19 C:\wamp\www\PROJECTS\papkaj\yii\framework\web\CController.php(286): CController->runAction(Object(CInlineAction))
#20 C:\wamp\www\PROJECTS\papkaj\yii\framework\web\CController.php(265): CController->runActionWithFilters(Object(CInlineAction), Array)
#21 C:\wamp\www\PROJECTS\papkaj\yii\framework\web\CWebApplication.php(282): CController->run('')
#22 C:\wamp\www\PROJECTS\papkaj\yii\framework\web\CWebApplication.php(141): CWebApplication->runController('')
#23 C:\wamp\www\PROJECTS\papkaj\yii\framework\base\CApplication.php(184): CWebApplication->processRequest()
#24 C:\wamp\www\PROJECTS\papkaj\web\index.php(28): CApplication->run()
#25 {main}
REQUEST_URI=/
---
2015/06/23 18:48:06 [error] [exception.CException] exception 'CException' with message 'CAssetManager.basePath "C:\wamp\www\PROJECTS\papkaj\protected\config\..\..\..\assets" is invalid. Please make sure the directory exists and is writable by the Web server process.' in C:\wamp\www\PROJECTS\papkaj\yii\framework\web\CAssetManager.php:138
Stack trace:
#0 C:\wamp\www\PROJECTS\papkaj\yii\framework\base\CComponent.php(152): CAssetManager->setBasePath('C:\\wamp\\www\\PRO...')
#1 C:\wamp\www\PROJECTS\papkaj\yii\framework\YiiBase.php(220): CComponent->__set('basePath', 'C:\\wamp\\www\\PRO...')
#2 C:\wamp\www\PROJECTS\papkaj\yii\framework\base\CModule.php(393): YiiBase::createComponent(Array)
#3 C:\wamp\www\PROJECTS\papkaj\yii\framework\base\CModule.php(103): CModule->getComponent('assetManager')
#4 C:\wamp\www\PROJECTS\papkaj\protected\views\layouts\main.php(23): CModule->__get('assetManager')
#5 C:\wamp\www\PROJECTS\papkaj\yii\framework\web\CBaseController.php(126): require('C:\\wamp\\www\\PRO...')
#6 C:\wamp\www\PROJECTS\papkaj\yii\framework\web\CBaseController.php(95): CBaseController->renderInternal('C:\\wamp\\www\\PRO...', Array, true)
#7 C:\wamp\www\PROJECTS\papkaj\yii\framework\web\widgets\CContentDecorator.php(76): CBaseController->renderFile('C:\\wamp\\www\\PRO...', Array, true)
#8 C:\wamp\www\PROJECTS\papkaj\yii\framework\web\widgets\CContentDecorator.php(54): CContentDecorator->decorate('<div id="conten...')
#9 C:\wamp\www\PROJECTS\papkaj\yii\framework\web\widgets\COutputProcessor.php(44): CContentDecorator->processOutput('<div id="conten...')
#10 C:\wamp\www\PROJECTS\papkaj\yii\framework\web\CBaseController.php(214): COutputProcessor->run()
#11 C:\wamp\www\PROJECTS\papkaj\yii\framework\web\CBaseController.php(308): CBaseController->endWidget('CContentDecorat...')
#12 C:\wamp\www\PROJECTS\papkaj\protected\views\layouts\column1.php(6): CBaseController->endContent()
#13 C:\wamp\www\PROJECTS\papkaj\yii\framework\web\CBaseController.php(126): require('C:\\wamp\\www\\PRO...')
#14 C:\wamp\www\PROJECTS\papkaj\yii\framework\web\CBaseController.php(95): CBaseController->renderInternal('C:\\wamp\\www\\PRO...', Array, true)
#15 C:\wamp\www\PROJECTS\papkaj\yii\framework\web\CController.php(784): CBaseController->renderFile('C:\\wamp\\www\\PRO...', Array, true)
#16 C:\wamp\www\PROJECTS\papkaj\protected\controllers\SiteController.php(32): CController->render('index')
#17 C:\wamp\www\PROJECTS\papkaj\yii\framework\web\actions\CInlineAction.php(49): SiteController->actionIndex()
#18 C:\wamp\www\PROJECTS\papkaj\yii\framework\web\CController.php(308): CInlineAction->runWithParams(Array)
#19 C:\wamp\www\PROJECTS\papkaj\yii\framework\web\CController.php(286): CController->runAction(Object(CInlineAction))
#20 C:\wamp\www\PROJECTS\papkaj\yii\framework\web\CController.php(265): CController->runActionWithFilters(Object(CInlineAction), Array)
#21 C:\wamp\www\PROJECTS\papkaj\yii\framework\web\CWebApplication.php(282): CController->run('')
#22 C:\wamp\www\PROJECTS\papkaj\yii\framework\web\CWebApplication.php(141): CWebApplication->runController('')
#23 C:\wamp\www\PROJECTS\papkaj\yii\framework\base\CApplication.php(184): CWebApplication->processRequest()
#24 C:\wamp\www\PROJECTS\papkaj\web\index.php(28): CApplication->run()
#25 {main}
REQUEST_URI=/
---
2015/06/23 18:48:06 [error] [exception.CException] exception 'CException' with message 'CAssetManager.basePath "C:\wamp\www\PROJECTS\papkaj\protected\config\..\..\..\assets" is invalid. Please make sure the directory exists and is writable by the Web server process.' in C:\wamp\www\PROJECTS\papkaj\yii\framework\web\CAssetManager.php:138
Stack trace:
#0 C:\wamp\www\PROJECTS\papkaj\yii\framework\base\CComponent.php(152): CAssetManager->setBasePath('C:\\wamp\\www\\PRO...')
#1 C:\wamp\www\PROJECTS\papkaj\yii\framework\YiiBase.php(220): CComponent->__set('basePath', 'C:\\wamp\\www\\PRO...')
#2 C:\wamp\www\PROJECTS\papkaj\yii\framework\base\CModule.php(393): YiiBase::createComponent(Array)
#3 C:\wamp\www\PROJECTS\papkaj\yii\framework\base\CModule.php(103): CModule->getComponent('assetManager')
#4 C:\wamp\www\PROJECTS\papkaj\protected\views\layouts\main.php(23): CModule->__get('assetManager')
#5 C:\wamp\www\PROJECTS\papkaj\yii\framework\web\CBaseController.php(126): require('C:\\wamp\\www\\PRO...')
#6 C:\wamp\www\PROJECTS\papkaj\yii\framework\web\CBaseController.php(95): CBaseController->renderInternal('C:\\wamp\\www\\PRO...', Array, true)
#7 C:\wamp\www\PROJECTS\papkaj\yii\framework\web\widgets\CContentDecorator.php(76): CBaseController->renderFile('C:\\wamp\\www\\PRO...', Array, true)
#8 C:\wamp\www\PROJECTS\papkaj\yii\framework\web\widgets\CContentDecorator.php(54): CContentDecorator->decorate('<div id="conten...')
#9 C:\wamp\www\PROJECTS\papkaj\yii\framework\web\widgets\COutputProcessor.php(44): CContentDecorator->processOutput('<div id="conten...')
#10 C:\wamp\www\PROJECTS\papkaj\yii\framework\web\CBaseController.php(214): COutputProcessor->run()
#11 C:\wamp\www\PROJECTS\papkaj\yii\framework\web\CBaseController.php(308): CBaseController->endWidget('CContentDecorat...')
#12 C:\wamp\www\PROJECTS\papkaj\protected\views\layouts\column1.php(6): CBaseController->endContent()
#13 C:\wamp\www\PROJECTS\papkaj\yii\framework\web\CBaseController.php(126): require('C:\\wamp\\www\\PRO...')
#14 C:\wamp\www\PROJECTS\papkaj\yii\framework\web\CBaseController.php(95): CBaseController->renderInternal('C:\\wamp\\www\\PRO...', Array, true)
#15 C:\wamp\www\PROJECTS\papkaj\yii\framework\web\CController.php(784): CBaseController->renderFile('C:\\wamp\\www\\PRO...', Array, true)
#16 C:\wamp\www\PROJECTS\papkaj\protected\controllers\SiteController.php(32): CController->render('index')
#17 C:\wamp\www\PROJECTS\papkaj\yii\framework\web\actions\CInlineAction.php(49): SiteController->actionIndex()
#18 C:\wamp\www\PROJECTS\papkaj\yii\framework\web\CController.php(308): CInlineAction->runWithParams(Array)
#19 C:\wamp\www\PROJECTS\papkaj\yii\framework\web\CController.php(286): CController->runAction(Object(CInlineAction))
#20 C:\wamp\www\PROJECTS\papkaj\yii\framework\web\CController.php(265): CController->runActionWithFilters(Object(CInlineAction), Array)
#21 C:\wamp\www\PROJECTS\papkaj\yii\framework\web\CWebApplication.php(282): CController->run('')
#22 C:\wamp\www\PROJECTS\papkaj\yii\framework\web\CWebApplication.php(141): CWebApplication->runController('')
#23 C:\wamp\www\PROJECTS\papkaj\yii\framework\base\CApplication.php(184): CWebApplication->processRequest()
#24 C:\wamp\www\PROJECTS\papkaj\web\index.php(28): CApplication->run()
#25 {main}
REQUEST_URI=/
---
2015/06/23 18:48:06 [error] [exception.CException] exception 'CException' with message 'CAssetManager.basePath "C:\wamp\www\PROJECTS\papkaj\protected\config\..\..\..\assets" is invalid. Please make sure the directory exists and is writable by the Web server process.' in C:\wamp\www\PROJECTS\papkaj\yii\framework\web\CAssetManager.php:138
Stack trace:
#0 C:\wamp\www\PROJECTS\papkaj\yii\framework\base\CComponent.php(152): CAssetManager->setBasePath('C:\\wamp\\www\\PRO...')
#1 C:\wamp\www\PROJECTS\papkaj\yii\framework\YiiBase.php(220): CComponent->__set('basePath', 'C:\\wamp\\www\\PRO...')
#2 C:\wamp\www\PROJECTS\papkaj\yii\framework\base\CModule.php(393): YiiBase::createComponent(Array)
#3 C:\wamp\www\PROJECTS\papkaj\yii\framework\base\CModule.php(103): CModule->getComponent('assetManager')
#4 C:\wamp\www\PROJECTS\papkaj\protected\views\layouts\main.php(23): CModule->__get('assetManager')
#5 C:\wamp\www\PROJECTS\papkaj\yii\framework\web\CBaseController.php(126): require('C:\\wamp\\www\\PRO...')
#6 C:\wamp\www\PROJECTS\papkaj\yii\framework\web\CBaseController.php(95): CBaseController->renderInternal('C:\\wamp\\www\\PRO...', Array, true)
#7 C:\wamp\www\PROJECTS\papkaj\yii\framework\web\widgets\CContentDecorator.php(76): CBaseController->renderFile('C:\\wamp\\www\\PRO...', Array, true)
#8 C:\wamp\www\PROJECTS\papkaj\yii\framework\web\widgets\CContentDecorator.php(54): CContentDecorator->decorate('<div id="conten...')
#9 C:\wamp\www\PROJECTS\papkaj\yii\framework\web\widgets\COutputProcessor.php(44): CContentDecorator->processOutput('<div id="conten...')
#10 C:\wamp\www\PROJECTS\papkaj\yii\framework\web\CBaseController.php(214): COutputProcessor->run()
#11 C:\wamp\www\PROJECTS\papkaj\yii\framework\web\CBaseController.php(308): CBaseController->endWidget('CContentDecorat...')
#12 C:\wamp\www\PROJECTS\papkaj\protected\views\layouts\column1.php(6): CBaseController->endContent()
#13 C:\wamp\www\PROJECTS\papkaj\yii\framework\web\CBaseController.php(126): require('C:\\wamp\\www\\PRO...')
#14 C:\wamp\www\PROJECTS\papkaj\yii\framework\web\CBaseController.php(95): CBaseController->renderInternal('C:\\wamp\\www\\PRO...', Array, true)
#15 C:\wamp\www\PROJECTS\papkaj\yii\framework\web\CController.php(784): CBaseController->renderFile('C:\\wamp\\www\\PRO...', Array, true)
#16 C:\wamp\www\PROJECTS\papkaj\protected\controllers\SiteController.php(32): CController->render('index')
#17 C:\wamp\www\PROJECTS\papkaj\yii\framework\web\actions\CInlineAction.php(49): SiteController->actionIndex()
#18 C:\wamp\www\PROJECTS\papkaj\yii\framework\web\CController.php(308): CInlineAction->runWithParams(Array)
#19 C:\wamp\www\PROJECTS\papkaj\yii\framework\web\CController.php(286): CController->runAction(Object(CInlineAction))
#20 C:\wamp\www\PROJECTS\papkaj\yii\framework\web\CController.php(265): CController->runActionWithFilters(Object(CInlineAction), Array)
#21 C:\wamp\www\PROJECTS\papkaj\yii\framework\web\CWebApplication.php(282): CController->run('')
#22 C:\wamp\www\PROJECTS\papkaj\yii\framework\web\CWebApplication.php(141): CWebApplication->runController('')
#23 C:\wamp\www\PROJECTS\papkaj\yii\framework\base\CApplication.php(184): CWebApplication->processRequest()
#24 C:\wamp\www\PROJECTS\papkaj\web\index.php(28): CApplication->run()
#25 {main}
REQUEST_URI=/
---
2015/06/23 18:48:33 [error] [exception.CException] exception 'CException' with message 'CAssetManager.basePath "C:\wamp\www\PROJECTS\papkaj\protected\config\..\..\assets" is invalid. Please make sure the directory exists and is writable by the Web server process.' in C:\wamp\www\PROJECTS\papkaj\yii\framework\web\CAssetManager.php:138
Stack trace:
#0 C:\wamp\www\PROJECTS\papkaj\yii\framework\base\CComponent.php(152): CAssetManager->setBasePath('C:\\wamp\\www\\PRO...')
#1 C:\wamp\www\PROJECTS\papkaj\yii\framework\YiiBase.php(220): CComponent->__set('basePath', 'C:\\wamp\\www\\PRO...')
#2 C:\wamp\www\PROJECTS\papkaj\yii\framework\base\CModule.php(393): YiiBase::createComponent(Array)
#3 C:\wamp\www\PROJECTS\papkaj\yii\framework\base\CModule.php(103): CModule->getComponent('assetManager')
#4 C:\wamp\www\PROJECTS\papkaj\protected\views\layouts\main.php(23): CModule->__get('assetManager')
#5 C:\wamp\www\PROJECTS\papkaj\yii\framework\web\CBaseController.php(126): require('C:\\wamp\\www\\PRO...')
#6 C:\wamp\www\PROJECTS\papkaj\yii\framework\web\CBaseController.php(95): CBaseController->renderInternal('C:\\wamp\\www\\PRO...', Array, true)
#7 C:\wamp\www\PROJECTS\papkaj\yii\framework\web\widgets\CContentDecorator.php(76): CBaseController->renderFile('C:\\wamp\\www\\PRO...', Array, true)
#8 C:\wamp\www\PROJECTS\papkaj\yii\framework\web\widgets\CContentDecorator.php(54): CContentDecorator->decorate('<div id="conten...')
#9 C:\wamp\www\PROJECTS\papkaj\yii\framework\web\widgets\COutputProcessor.php(44): CContentDecorator->processOutput('<div id="conten...')
#10 C:\wamp\www\PROJECTS\papkaj\yii\framework\web\CBaseController.php(214): COutputProcessor->run()
#11 C:\wamp\www\PROJECTS\papkaj\yii\framework\web\CBaseController.php(308): CBaseController->endWidget('CContentDecorat...')
#12 C:\wamp\www\PROJECTS\papkaj\protected\views\layouts\column1.php(6): CBaseController->endContent()
#13 C:\wamp\www\PROJECTS\papkaj\yii\framework\web\CBaseController.php(126): require('C:\\wamp\\www\\PRO...')
#14 C:\wamp\www\PROJECTS\papkaj\yii\framework\web\CBaseController.php(95): CBaseController->renderInternal('C:\\wamp\\www\\PRO...', Array, true)
#15 C:\wamp\www\PROJECTS\papkaj\yii\framework\web\CController.php(784): CBaseController->renderFile('C:\\wamp\\www\\PRO...', Array, true)
#16 C:\wamp\www\PROJECTS\papkaj\protected\controllers\SiteController.php(32): CController->render('index')
#17 C:\wamp\www\PROJECTS\papkaj\yii\framework\web\actions\CInlineAction.php(49): SiteController->actionIndex()
#18 C:\wamp\www\PROJECTS\papkaj\yii\framework\web\CController.php(308): CInlineAction->runWithParams(Array)
#19 C:\wamp\www\PROJECTS\papkaj\yii\framework\web\CController.php(286): CController->runAction(Object(CInlineAction))
#20 C:\wamp\www\PROJECTS\papkaj\yii\framework\web\CController.php(265): CController->runActionWithFilters(Object(CInlineAction), Array)
#21 C:\wamp\www\PROJECTS\papkaj\yii\framework\web\CWebApplication.php(282): CController->run('')
#22 C:\wamp\www\PROJECTS\papkaj\yii\framework\web\CWebApplication.php(141): CWebApplication->runController('')
#23 C:\wamp\www\PROJECTS\papkaj\yii\framework\base\CApplication.php(184): CWebApplication->processRequest()
#24 C:\wamp\www\PROJECTS\papkaj\web\index.php(28): CApplication->run()
#25 {main}
REQUEST_URI=/
---
2015/06/23 18:48:46 [error] [php] Object of class CAssetManager could not be converted to string (C:\wamp\www\PROJECTS\papkaj\protected\views\layouts\main.php:23)
Stack trace:
#0 C:\wamp\www\PROJECTS\papkaj\yii\framework\web\widgets\CContentDecorator.php(76): SiteController->renderFile()
#1 C:\wamp\www\PROJECTS\papkaj\yii\framework\web\widgets\CContentDecorator.php(54): CContentDecorator->decorate()
#2 C:\wamp\www\PROJECTS\papkaj\yii\framework\web\widgets\COutputProcessor.php(44): CContentDecorator->processOutput()
#3 C:\wamp\www\PROJECTS\papkaj\yii\framework\web\CBaseController.php(214): CContentDecorator->run()
#4 C:\wamp\www\PROJECTS\papkaj\yii\framework\web\CBaseController.php(308): SiteController->endWidget()
#5 C:\wamp\www\PROJECTS\papkaj\protected\views\layouts\column1.php(6): SiteController->endContent()
#6 C:\wamp\www\PROJECTS\papkaj\yii\framework\web\CBaseController.php(126): require()
#7 C:\wamp\www\PROJECTS\papkaj\yii\framework\web\CBaseController.php(95): SiteController->renderInternal()
#8 C:\wamp\www\PROJECTS\papkaj\yii\framework\web\CController.php(784): SiteController->renderFile()
#9 C:\wamp\www\PROJECTS\papkaj\protected\controllers\SiteController.php(32): SiteController->render()
#10 C:\wamp\www\PROJECTS\papkaj\yii\framework\web\actions\CInlineAction.php(49): SiteController->actionIndex()
#11 C:\wamp\www\PROJECTS\papkaj\yii\framework\web\CController.php(308): CInlineAction->runWithParams()
#12 C:\wamp\www\PROJECTS\papkaj\yii\framework\web\CController.php(286): SiteController->runAction()
#13 C:\wamp\www\PROJECTS\papkaj\yii\framework\web\CController.php(265): SiteController->runActionWithFilters()
#14 C:\wamp\www\PROJECTS\papkaj\yii\framework\web\CWebApplication.php(282): SiteController->run()
#15 C:\wamp\www\PROJECTS\papkaj\yii\framework\web\CWebApplication.php(141): CWebApplication->runController()
#16 C:\wamp\www\PROJECTS\papkaj\yii\framework\base\CApplication.php(184): CWebApplication->processRequest()
#17 C:\wamp\www\PROJECTS\papkaj\web\index.php(28): CWebApplication->run()
REQUEST_URI=/
in C:\wamp\www\PROJECTS\papkaj\protected\views\layouts\main.php (23)
in C:\wamp\www\PROJECTS\papkaj\protected\views\layouts\column1.php (6)
in C:\wamp\www\PROJECTS\papkaj\protected\controllers\SiteController.php (32)
2015/06/23 18:49:10 [error] [php] Object of class CAssetManager could not be converted to string (C:\wamp\www\PROJECTS\papkaj\protected\views\layouts\main.php:23)
Stack trace:
#0 C:\wamp\www\PROJECTS\papkaj\yii\framework\web\widgets\CContentDecorator.php(76): SiteController->renderFile()
#1 C:\wamp\www\PROJECTS\papkaj\yii\framework\web\widgets\CContentDecorator.php(54): CContentDecorator->decorate()
#2 C:\wamp\www\PROJECTS\papkaj\yii\framework\web\widgets\COutputProcessor.php(44): CContentDecorator->processOutput()
#3 C:\wamp\www\PROJECTS\papkaj\yii\framework\web\CBaseController.php(214): CContentDecorator->run()
#4 C:\wamp\www\PROJECTS\papkaj\yii\framework\web\CBaseController.php(308): SiteController->endWidget()
#5 C:\wamp\www\PROJECTS\papkaj\protected\views\layouts\column1.php(6): SiteController->endContent()
#6 C:\wamp\www\PROJECTS\papkaj\yii\framework\web\CBaseController.php(126): require()
#7 C:\wamp\www\PROJECTS\papkaj\yii\framework\web\CBaseController.php(95): SiteController->renderInternal()
#8 C:\wamp\www\PROJECTS\papkaj\yii\framework\web\CController.php(784): SiteController->renderFile()
#9 C:\wamp\www\PROJECTS\papkaj\protected\controllers\SiteController.php(32): SiteController->render()
#10 C:\wamp\www\PROJECTS\papkaj\yii\framework\web\actions\CInlineAction.php(49): SiteController->actionIndex()
#11 C:\wamp\www\PROJECTS\papkaj\yii\framework\web\CController.php(308): CInlineAction->runWithParams()
#12 C:\wamp\www\PROJECTS\papkaj\yii\framework\web\CController.php(286): SiteController->runAction()
#13 C:\wamp\www\PROJECTS\papkaj\yii\framework\web\CController.php(265): SiteController->runActionWithFilters()
#14 C:\wamp\www\PROJECTS\papkaj\yii\framework\web\CWebApplication.php(282): SiteController->run()
#15 C:\wamp\www\PROJECTS\papkaj\yii\framework\web\CWebApplication.php(141): CWebApplication->runController()
#16 C:\wamp\www\PROJECTS\papkaj\yii\framework\base\CApplication.php(184): CWebApplication->processRequest()
#17 C:\wamp\www\PROJECTS\papkaj\web\index.php(28): CWebApplication->run()
REQUEST_URI=/
in C:\wamp\www\PROJECTS\papkaj\protected\views\layouts\main.php (23)
in C:\wamp\www\PROJECTS\papkaj\protected\views\layouts\column1.php (6)
in C:\wamp\www\PROJECTS\papkaj\protected\controllers\SiteController.php (32)
2015/06/23 18:49:11 [error] [php] Object of class CAssetManager could not be converted to string (C:\wamp\www\PROJECTS\papkaj\protected\views\layouts\main.php:23)
Stack trace:
#0 C:\wamp\www\PROJECTS\papkaj\yii\framework\web\widgets\CContentDecorator.php(76): SiteController->renderFile()
#1 C:\wamp\www\PROJECTS\papkaj\yii\framework\web\widgets\CContentDecorator.php(54): CContentDecorator->decorate()
#2 C:\wamp\www\PROJECTS\papkaj\yii\framework\web\widgets\COutputProcessor.php(44): CContentDecorator->processOutput()
#3 C:\wamp\www\PROJECTS\papkaj\yii\framework\web\CBaseController.php(214): CContentDecorator->run()
#4 C:\wamp\www\PROJECTS\papkaj\yii\framework\web\CBaseController.php(308): SiteController->endWidget()
#5 C:\wamp\www\PROJECTS\papkaj\protected\views\layouts\column1.php(6): SiteController->endContent()
#6 C:\wamp\www\PROJECTS\papkaj\yii\framework\web\CBaseController.php(126): require()
#7 C:\wamp\www\PROJECTS\papkaj\yii\framework\web\CBaseController.php(95): SiteController->renderInternal()
#8 C:\wamp\www\PROJECTS\papkaj\yii\framework\web\CController.php(784): SiteController->renderFile()
#9 C:\wamp\www\PROJECTS\papkaj\protected\controllers\SiteController.php(32): SiteController->render()
#10 C:\wamp\www\PROJECTS\papkaj\yii\framework\web\actions\CInlineAction.php(49): SiteController->actionIndex()
#11 C:\wamp\www\PROJECTS\papkaj\yii\framework\web\CController.php(308): CInlineAction->runWithParams()
#12 C:\wamp\www\PROJECTS\papkaj\yii\framework\web\CController.php(286): SiteController->runAction()
#13 C:\wamp\www\PROJECTS\papkaj\yii\framework\web\CController.php(265): SiteController->runActionWithFilters()
#14 C:\wamp\www\PROJECTS\papkaj\yii\framework\web\CWebApplication.php(282): SiteController->run()
#15 C:\wamp\www\PROJECTS\papkaj\yii\framework\web\CWebApplication.php(141): CWebApplication->runController()
#16 C:\wamp\www\PROJECTS\papkaj\yii\framework\base\CApplication.php(184): CWebApplication->processRequest()
#17 C:\wamp\www\PROJECTS\papkaj\web\index.php(28): CWebApplication->run()
REQUEST_URI=/
in C:\wamp\www\PROJECTS\papkaj\protected\views\layouts\main.php (23)
in C:\wamp\www\PROJECTS\papkaj\protected\views\layouts\column1.php (6)
in C:\wamp\www\PROJECTS\papkaj\protected\controllers\SiteController.php (32)
2015/06/23 18:49:56 [error] [php] Object of class CAssetManager could not be converted to string (C:\wamp\www\PROJECTS\papkaj\protected\views\layouts\main.php:23)
Stack trace:
#0 C:\wamp\www\PROJECTS\papkaj\yii\framework\web\widgets\CContentDecorator.php(76): SiteController->renderFile()
#1 C:\wamp\www\PROJECTS\papkaj\yii\framework\web\widgets\CContentDecorator.php(54): CContentDecorator->decorate()
#2 C:\wamp\www\PROJECTS\papkaj\yii\framework\web\widgets\COutputProcessor.php(44): CContentDecorator->processOutput()
#3 C:\wamp\www\PROJECTS\papkaj\yii\framework\web\CBaseController.php(214): CContentDecorator->run()
#4 C:\wamp\www\PROJECTS\papkaj\yii\framework\web\CBaseController.php(308): SiteController->endWidget()
#5 C:\wamp\www\PROJECTS\papkaj\protected\views\layouts\column1.php(6): SiteController->endContent()
#6 C:\wamp\www\PROJECTS\papkaj\yii\framework\web\CBaseController.php(126): require()
#7 C:\wamp\www\PROJECTS\papkaj\yii\framework\web\CBaseController.php(95): SiteController->renderInternal()
#8 C:\wamp\www\PROJECTS\papkaj\yii\framework\web\CController.php(784): SiteController->renderFile()
#9 C:\wamp\www\PROJECTS\papkaj\protected\controllers\SiteController.php(32): SiteController->render()
#10 C:\wamp\www\PROJECTS\papkaj\yii\framework\web\actions\CInlineAction.php(49): SiteController->actionIndex()
#11 C:\wamp\www\PROJECTS\papkaj\yii\framework\web\CController.php(308): CInlineAction->runWithParams()
#12 C:\wamp\www\PROJECTS\papkaj\yii\framework\web\CController.php(286): SiteController->runAction()
#13 C:\wamp\www\PROJECTS\papkaj\yii\framework\web\CController.php(265): SiteController->runActionWithFilters()
#14 C:\wamp\www\PROJECTS\papkaj\yii\framework\web\CWebApplication.php(282): SiteController->run()
#15 C:\wamp\www\PROJECTS\papkaj\yii\framework\web\CWebApplication.php(141): CWebApplication->runController()
#16 C:\wamp\www\PROJECTS\papkaj\yii\framework\base\CApplication.php(184): CWebApplication->processRequest()
#17 C:\wamp\www\PROJECTS\papkaj\web\index.php(28): CWebApplication->run()
REQUEST_URI=/
in C:\wamp\www\PROJECTS\papkaj\protected\views\layouts\main.php (23)
in C:\wamp\www\PROJECTS\papkaj\protected\views\layouts\column1.php (6)
in C:\wamp\www\PROJECTS\papkaj\protected\controllers\SiteController.php (32)
2015/06/23 18:49:56 [error] [php] Object of class CAssetManager could not be converted to string (C:\wamp\www\PROJECTS\papkaj\protected\views\layouts\main.php:23)
Stack trace:
#0 C:\wamp\www\PROJECTS\papkaj\yii\framework\web\widgets\CContentDecorator.php(76): SiteController->renderFile()
#1 C:\wamp\www\PROJECTS\papkaj\yii\framework\web\widgets\CContentDecorator.php(54): CContentDecorator->decorate()
#2 C:\wamp\www\PROJECTS\papkaj\yii\framework\web\widgets\COutputProcessor.php(44): CContentDecorator->processOutput()
#3 C:\wamp\www\PROJECTS\papkaj\yii\framework\web\CBaseController.php(214): CContentDecorator->run()
#4 C:\wamp\www\PROJECTS\papkaj\yii\framework\web\CBaseController.php(308): SiteController->endWidget()
#5 C:\wamp\www\PROJECTS\papkaj\protected\views\layouts\column1.php(6): SiteController->endContent()
#6 C:\wamp\www\PROJECTS\papkaj\yii\framework\web\CBaseController.php(126): require()
#7 C:\wamp\www\PROJECTS\papkaj\yii\framework\web\CBaseController.php(95): SiteController->renderInternal()
#8 C:\wamp\www\PROJECTS\papkaj\yii\framework\web\CController.php(784): SiteController->renderFile()
#9 C:\wamp\www\PROJECTS\papkaj\protected\controllers\SiteController.php(32): SiteController->render()
#10 C:\wamp\www\PROJECTS\papkaj\yii\framework\web\actions\CInlineAction.php(49): SiteController->actionIndex()
#11 C:\wamp\www\PROJECTS\papkaj\yii\framework\web\CController.php(308): CInlineAction->runWithParams()
#12 C:\wamp\www\PROJECTS\papkaj\yii\framework\web\CController.php(286): SiteController->runAction()
#13 C:\wamp\www\PROJECTS\papkaj\yii\framework\web\CController.php(265): SiteController->runActionWithFilters()
#14 C:\wamp\www\PROJECTS\papkaj\yii\framework\web\CWebApplication.php(282): SiteController->run()
#15 C:\wamp\www\PROJECTS\papkaj\yii\framework\web\CWebApplication.php(141): CWebApplication->runController()
#16 C:\wamp\www\PROJECTS\papkaj\yii\framework\base\CApplication.php(184): CWebApplication->processRequest()
#17 C:\wamp\www\PROJECTS\papkaj\web\index.php(28): CWebApplication->run()
REQUEST_URI=/
in C:\wamp\www\PROJECTS\papkaj\protected\views\layouts\main.php (23)
in C:\wamp\www\PROJECTS\papkaj\protected\views\layouts\column1.php (6)
in C:\wamp\www\PROJECTS\papkaj\protected\controllers\SiteController.php (32)
2015/06/23 18:50:04 [error] [exception.CHttpException.404] exception 'CHttpException' with message 'Unable to resolve the request "assets/bootstrap/bootstrap.css".' in C:\wamp\www\PROJECTS\papkaj\yii\framework\web\CWebApplication.php:286
Stack trace:
#0 C:\wamp\www\PROJECTS\papkaj\yii\framework\web\CWebApplication.php(141): CWebApplication->runController('assets/bootstra...')
#1 C:\wamp\www\PROJECTS\papkaj\yii\framework\base\CApplication.php(184): CWebApplication->processRequest()
#2 C:\wamp\www\PROJECTS\papkaj\web\index.php(28): CApplication->run()
#3 {main}
REQUEST_URI=/assets/bootstrap/bootstrap.css
HTTP_REFERER=http://papkaj.loc.com/
---
2015/06/23 18:50:55 [error] [exception.CHttpException.404] exception 'CHttpException' with message 'Unable to resolve the request "bootstrap/bootstrap.css".' in C:\wamp\www\PROJECTS\papkaj\yii\framework\web\CWebApplication.php:286
Stack trace:
#0 C:\wamp\www\PROJECTS\papkaj\yii\framework\web\CWebApplication.php(141): CWebApplication->runController('bootstrap/boots...')
#1 C:\wamp\www\PROJECTS\papkaj\yii\framework\base\CApplication.php(184): CWebApplication->processRequest()
#2 C:\wamp\www\PROJECTS\papkaj\web\index.php(28): CApplication->run()
#3 {main}
REQUEST_URI=/bootstrap/bootstrap.css
HTTP_REFERER=http://papkaj.loc.com/
---
2015/06/23 18:50:56 [error] [exception.CHttpException.404] exception 'CHttpException' with message 'Unable to resolve the request "bootstrap/bootstrap.css".' in C:\wamp\www\PROJECTS\papkaj\yii\framework\web\CWebApplication.php:286
Stack trace:
#0 C:\wamp\www\PROJECTS\papkaj\yii\framework\web\CWebApplication.php(141): CWebApplication->runController('bootstrap/boots...')
#1 C:\wamp\www\PROJECTS\papkaj\yii\framework\base\CApplication.php(184): CWebApplication->processRequest()
#2 C:\wamp\www\PROJECTS\papkaj\web\index.php(28): CApplication->run()
#3 {main}
REQUEST_URI=/bootstrap/bootstrap.css
HTTP_REFERER=http://papkaj.loc.com/
---
2015/06/23 18:50:57 [error] [exception.CHttpException.404] exception 'CHttpException' with message 'Unable to resolve the request "bootstrap/bootstrap.css".' in C:\wamp\www\PROJECTS\papkaj\yii\framework\web\CWebApplication.php:286
Stack trace:
#0 C:\wamp\www\PROJECTS\papkaj\yii\framework\web\CWebApplication.php(141): CWebApplication->runController('bootstrap/boots...')
#1 C:\wamp\www\PROJECTS\papkaj\yii\framework\base\CApplication.php(184): CWebApplication->processRequest()
#2 C:\wamp\www\PROJECTS\papkaj\web\index.php(28): CApplication->run()
#3 {main}
REQUEST_URI=/bootstrap/bootstrap.css
HTTP_REFERER=http://papkaj.loc.com/
---
2015/06/23 18:51:35 [error] [exception.CException] exception 'CException' with message 'CAssetManager.basePath "C:\wamp\www\PROJECTS\papkaj\protected\config\assets" is invalid. Please make sure the directory exists and is writable by the Web server process.' in C:\wamp\www\PROJECTS\papkaj\yii\framework\web\CAssetManager.php:138
Stack trace:
#0 C:\wamp\www\PROJECTS\papkaj\yii\framework\base\CComponent.php(152): CAssetManager->setBasePath('C:\\wamp\\www\\PRO...')
#1 C:\wamp\www\PROJECTS\papkaj\yii\framework\YiiBase.php(220): CComponent->__set('basePath', 'C:\\wamp\\www\\PRO...')
#2 C:\wamp\www\PROJECTS\papkaj\yii\framework\base\CModule.php(393): YiiBase::createComponent(Array)
#3 C:\wamp\www\PROJECTS\papkaj\yii\framework\base\CModule.php(103): CModule->getComponent('assetManager')
#4 C:\wamp\www\PROJECTS\papkaj\protected\views\layouts\main.php(23): CModule->__get('assetManager')
#5 C:\wamp\www\PROJECTS\papkaj\yii\framework\web\CBaseController.php(126): require('C:\\wamp\\www\\PRO...')
#6 C:\wamp\www\PROJECTS\papkaj\yii\framework\web\CBaseController.php(95): CBaseController->renderInternal('C:\\wamp\\www\\PRO...', Array, true)
#7 C:\wamp\www\PROJECTS\papkaj\yii\framework\web\widgets\CContentDecorator.php(76): CBaseController->renderFile('C:\\wamp\\www\\PRO...', Array, true)
#8 C:\wamp\www\PROJECTS\papkaj\yii\framework\web\widgets\CContentDecorator.php(54): CContentDecorator->decorate('<div id="conten...')
#9 C:\wamp\www\PROJECTS\papkaj\yii\framework\web\widgets\COutputProcessor.php(44): CContentDecorator->processOutput('<div id="conten...')
#10 C:\wamp\www\PROJECTS\papkaj\yii\framework\web\CBaseController.php(214): COutputProcessor->run()
#11 C:\wamp\www\PROJECTS\papkaj\yii\framework\web\CBaseController.php(308): CBaseController->endWidget('CContentDecorat...')
#12 C:\wamp\www\PROJECTS\papkaj\protected\views\layouts\column1.php(6): CBaseController->endContent()
#13 C:\wamp\www\PROJECTS\papkaj\yii\framework\web\CBaseController.php(126): require('C:\\wamp\\www\\PRO...')
#14 C:\wamp\www\PROJECTS\papkaj\yii\framework\web\CBaseController.php(95): CBaseController->renderInternal('C:\\wamp\\www\\PRO...', Array, true)
#15 C:\wamp\www\PROJECTS\papkaj\yii\framework\web\CController.php(784): CBaseController->renderFile('C:\\wamp\\www\\PRO...', Array, true)
#16 C:\wamp\www\PROJECTS\papkaj\protected\controllers\SiteController.php(32): CController->render('index')
#17 C:\wamp\www\PROJECTS\papkaj\yii\framework\web\actions\CInlineAction.php(49): SiteController->actionIndex()
#18 C:\wamp\www\PROJECTS\papkaj\yii\framework\web\CController.php(308): CInlineAction->runWithParams(Array)
#19 C:\wamp\www\PROJECTS\papkaj\yii\framework\web\CController.php(286): CController->runAction(Object(CInlineAction))
#20 C:\wamp\www\PROJECTS\papkaj\yii\framework\web\CController.php(265): CController->runActionWithFilters(Object(CInlineAction), Array)
#21 C:\wamp\www\PROJECTS\papkaj\yii\framework\web\CWebApplication.php(282): CController->run('')
#22 C:\wamp\www\PROJECTS\papkaj\yii\framework\web\CWebApplication.php(141): CWebApplication->runController('')
#23 C:\wamp\www\PROJECTS\papkaj\yii\framework\base\CApplication.php(184): CWebApplication->processRequest()
#24 C:\wamp\www\PROJECTS\papkaj\web\index.php(28): CApplication->run()
#25 {main}
REQUEST_URI=/
---
2015/06/23 18:51:38 [error] [exception.CException] exception 'CException' with message 'CAssetManager.basePath "C:\wamp\www\PROJECTS\papkaj\protected\config\assets" is invalid. Please make sure the directory exists and is writable by the Web server process.' in C:\wamp\www\PROJECTS\papkaj\yii\framework\web\CAssetManager.php:138
Stack trace:
#0 C:\wamp\www\PROJECTS\papkaj\yii\framework\base\CComponent.php(152): CAssetManager->setBasePath('C:\\wamp\\www\\PRO...')
#1 C:\wamp\www\PROJECTS\papkaj\yii\framework\YiiBase.php(220): CComponent->__set('basePath', 'C:\\wamp\\www\\PRO...')
#2 C:\wamp\www\PROJECTS\papkaj\yii\framework\base\CModule.php(393): YiiBase::createComponent(Array)
#3 C:\wamp\www\PROJECTS\papkaj\yii\framework\base\CModule.php(103): CModule->getComponent('assetManager')
#4 C:\wamp\www\PROJECTS\papkaj\protected\views\layouts\main.php(23): CModule->__get('assetManager')
#5 C:\wamp\www\PROJECTS\papkaj\yii\framework\web\CBaseController.php(126): require('C:\\wamp\\www\\PRO...')
#6 C:\wamp\www\PROJECTS\papkaj\yii\framework\web\CBaseController.php(95): CBaseController->renderInternal('C:\\wamp\\www\\PRO...', Array, true)
#7 C:\wamp\www\PROJECTS\papkaj\yii\framework\web\widgets\CContentDecorator.php(76): CBaseController->renderFile('C:\\wamp\\www\\PRO...', Array, true)
#8 C:\wamp\www\PROJECTS\papkaj\yii\framework\web\widgets\CContentDecorator.php(54): CContentDecorator->decorate('<div id="conten...')
#9 C:\wamp\www\PROJECTS\papkaj\yii\framework\web\widgets\COutputProcessor.php(44): CContentDecorator->processOutput('<div id="conten...')
#10 C:\wamp\www\PROJECTS\papkaj\yii\framework\web\CBaseController.php(214): COutputProcessor->run()
#11 C:\wamp\www\PROJECTS\papkaj\yii\framework\web\CBaseController.php(308): CBaseController->endWidget('CContentDecorat...')
#12 C:\wamp\www\PROJECTS\papkaj\protected\views\layouts\column1.php(6): CBaseController->endContent()
#13 C:\wamp\www\PROJECTS\papkaj\yii\framework\web\CBaseController.php(126): require('C:\\wamp\\www\\PRO...')
#14 C:\wamp\www\PROJECTS\papkaj\yii\framework\web\CBaseController.php(95): CBaseController->renderInternal('C:\\wamp\\www\\PRO...', Array, true)
#15 C:\wamp\www\PROJECTS\papkaj\yii\framework\web\CController.php(784): CBaseController->renderFile('C:\\wamp\\www\\PRO...', Array, true)
#16 C:\wamp\www\PROJECTS\papkaj\protected\controllers\SiteController.php(32): CController->render('index')
#17 C:\wamp\www\PROJECTS\papkaj\yii\framework\web\actions\CInlineAction.php(49): SiteController->actionIndex()
#18 C:\wamp\www\PROJECTS\papkaj\yii\framework\web\CController.php(308): CInlineAction->runWithParams(Array)
#19 C:\wamp\www\PROJECTS\papkaj\yii\framework\web\CController.php(286): CController->runAction(Object(CInlineAction))
#20 C:\wamp\www\PROJECTS\papkaj\yii\framework\web\CController.php(265): CController->runActionWithFilters(Object(CInlineAction), Array)
#21 C:\wamp\www\PROJECTS\papkaj\yii\framework\web\CWebApplication.php(282): CController->run('')
#22 C:\wamp\www\PROJECTS\papkaj\yii\framework\web\CWebApplication.php(141): CWebApplication->runController('')
#23 C:\wamp\www\PROJECTS\papkaj\yii\framework\base\CApplication.php(184): CWebApplication->processRequest()
#24 C:\wamp\www\PROJECTS\papkaj\web\index.php(28): CApplication->run()
#25 {main}
REQUEST_URI=/
---
2015/06/23 18:51:39 [error] [exception.CException] exception 'CException' with message 'CAssetManager.basePath "C:\wamp\www\PROJECTS\papkaj\protected\config\assets" is invalid. Please make sure the directory exists and is writable by the Web server process.' in C:\wamp\www\PROJECTS\papkaj\yii\framework\web\CAssetManager.php:138
Stack trace:
#0 C:\wamp\www\PROJECTS\papkaj\yii\framework\base\CComponent.php(152): CAssetManager->setBasePath('C:\\wamp\\www\\PRO...')
#1 C:\wamp\www\PROJECTS\papkaj\yii\framework\YiiBase.php(220): CComponent->__set('basePath', 'C:\\wamp\\www\\PRO...')
#2 C:\wamp\www\PROJECTS\papkaj\yii\framework\base\CModule.php(393): YiiBase::createComponent(Array)
#3 C:\wamp\www\PROJECTS\papkaj\yii\framework\base\CModule.php(103): CModule->getComponent('assetManager')
#4 C:\wamp\www\PROJECTS\papkaj\protected\views\layouts\main.php(23): CModule->__get('assetManager')
#5 C:\wamp\www\PROJECTS\papkaj\yii\framework\web\CBaseController.php(126): require('C:\\wamp\\www\\PRO...')
#6 C:\wamp\www\PROJECTS\papkaj\yii\framework\web\CBaseController.php(95): CBaseController->renderInternal('C:\\wamp\\www\\PRO...', Array, true)
#7 C:\wamp\www\PROJECTS\papkaj\yii\framework\web\widgets\CContentDecorator.php(76): CBaseController->renderFile('C:\\wamp\\www\\PRO...', Array, true)
#8 C:\wamp\www\PROJECTS\papkaj\yii\framework\web\widgets\CContentDecorator.php(54): CContentDecorator->decorate('<div id="conten...')
#9 C:\wamp\www\PROJECTS\papkaj\yii\framework\web\widgets\COutputProcessor.php(44): CContentDecorator->processOutput('<div id="conten...')
#10 C:\wamp\www\PROJECTS\papkaj\yii\framework\web\CBaseController.php(214): COutputProcessor->run()
#11 C:\wamp\www\PROJECTS\papkaj\yii\framework\web\CBaseController.php(308): CBaseController->endWidget('CContentDecorat...')
#12 C:\wamp\www\PROJECTS\papkaj\protected\views\layouts\column1.php(6): CBaseController->endContent()
#13 C:\wamp\www\PROJECTS\papkaj\yii\framework\web\CBaseController.php(126): require('C:\\wamp\\www\\PRO...')
#14 C:\wamp\www\PROJECTS\papkaj\yii\framework\web\CBaseController.php(95): CBaseController->renderInternal('C:\\wamp\\www\\PRO...', Array, true)
#15 C:\wamp\www\PROJECTS\papkaj\yii\framework\web\CController.php(784): CBaseController->renderFile('C:\\wamp\\www\\PRO...', Array, true)
#16 C:\wamp\www\PROJECTS\papkaj\protected\controllers\SiteController.php(32): CController->render('index')
#17 C:\wamp\www\PROJECTS\papkaj\yii\framework\web\actions\CInlineAction.php(49): SiteController->actionIndex()
#18 C:\wamp\www\PROJECTS\papkaj\yii\framework\web\CController.php(308): CInlineAction->runWithParams(Array)
#19 C:\wamp\www\PROJECTS\papkaj\yii\framework\web\CController.php(286): CController->runAction(Object(CInlineAction))
#20 C:\wamp\www\PROJECTS\papkaj\yii\framework\web\CController.php(265): CController->runActionWithFilters(Object(CInlineAction), Array)
#21 C:\wamp\www\PROJECTS\papkaj\yii\framework\web\CWebApplication.php(282): CController->run('')
#22 C:\wamp\www\PROJECTS\papkaj\yii\framework\web\CWebApplication.php(141): CWebApplication->runController('')
#23 C:\wamp\www\PROJECTS\papkaj\yii\framework\base\CApplication.php(184): CWebApplication->processRequest()
#24 C:\wamp\www\PROJECTS\papkaj\web\index.php(28): CApplication->run()
#25 {main}
REQUEST_URI=/
---
2015/06/23 18:51:39 [error] [exception.CException] exception 'CException' with message 'CAssetManager.basePath "C:\wamp\www\PROJECTS\papkaj\protected\config\assets" is invalid. Please make sure the directory exists and is writable by the Web server process.' in C:\wamp\www\PROJECTS\papkaj\yii\framework\web\CAssetManager.php:138
Stack trace:
#0 C:\wamp\www\PROJECTS\papkaj\yii\framework\base\CComponent.php(152): CAssetManager->setBasePath('C:\\wamp\\www\\PRO...')
#1 C:\wamp\www\PROJECTS\papkaj\yii\framework\YiiBase.php(220): CComponent->__set('basePath', 'C:\\wamp\\www\\PRO...')
#2 C:\wamp\www\PROJECTS\papkaj\yii\framework\base\CModule.php(393): YiiBase::createComponent(Array)
#3 C:\wamp\www\PROJECTS\papkaj\yii\framework\base\CModule.php(103): CModule->getComponent('assetManager')
#4 C:\wamp\www\PROJECTS\papkaj\protected\views\layouts\main.php(23): CModule->__get('assetManager')
#5 C:\wamp\www\PROJECTS\papkaj\yii\framework\web\CBaseController.php(126): require('C:\\wamp\\www\\PRO...')
#6 C:\wamp\www\PROJECTS\papkaj\yii\framework\web\CBaseController.php(95): CBaseController->renderInternal('C:\\wamp\\www\\PRO...', Array, true)
#7 C:\wamp\www\PROJECTS\papkaj\yii\framework\web\widgets\CContentDecorator.php(76): CBaseController->renderFile('C:\\wamp\\www\\PRO...', Array, true)
#8 C:\wamp\www\PROJECTS\papkaj\yii\framework\web\widgets\CContentDecorator.php(54): CContentDecorator->decorate('<div id="conten...')
#9 C:\wamp\www\PROJECTS\papkaj\yii\framework\web\widgets\COutputProcessor.php(44): CContentDecorator->processOutput('<div id="conten...')
#10 C:\wamp\www\PROJECTS\papkaj\yii\framework\web\CBaseController.php(214): COutputProcessor->run()
#11 C:\wamp\www\PROJECTS\papkaj\yii\framework\web\CBaseController.php(308): CBaseController->endWidget('CContentDecorat...')
#12 C:\wamp\www\PROJECTS\papkaj\protected\views\layouts\column1.php(6): CBaseController->endContent()
#13 C:\wamp\www\PROJECTS\papkaj\yii\framework\web\CBaseController.php(126): require('C:\\wamp\\www\\PRO...')
#14 C:\wamp\www\PROJECTS\papkaj\yii\framework\web\CBaseController.php(95): CBaseController->renderInternal('C:\\wamp\\www\\PRO...', Array, true)
#15 C:\wamp\www\PROJECTS\papkaj\yii\framework\web\CController.php(784): CBaseController->renderFile('C:\\wamp\\www\\PRO...', Array, true)
#16 C:\wamp\www\PROJECTS\papkaj\protected\controllers\SiteController.php(32): CController->render('index')
#17 C:\wamp\www\PROJECTS\papkaj\yii\framework\web\actions\CInlineAction.php(49): SiteController->actionIndex()
#18 C:\wamp\www\PROJECTS\papkaj\yii\framework\web\CController.php(308): CInlineAction->runWithParams(Array)
#19 C:\wamp\www\PROJECTS\papkaj\yii\framework\web\CController.php(286): CController->runAction(Object(CInlineAction))
#20 C:\wamp\www\PROJECTS\papkaj\yii\framework\web\CController.php(265): CController->runActionWithFilters(Object(CInlineAction), Array)
#21 C:\wamp\www\PROJECTS\papkaj\yii\framework\web\CWebApplication.php(282): CController->run('')
#22 C:\wamp\www\PROJECTS\papkaj\yii\framework\web\CWebApplication.php(141): CWebApplication->runController('')
#23 C:\wamp\www\PROJECTS\papkaj\yii\framework\base\CApplication.php(184): CWebApplication->processRequest()
#24 C:\wamp\www\PROJECTS\papkaj\web\index.php(28): CApplication->run()
#25 {main}
REQUEST_URI=/
---
2015/06/23 18:51:55 [error] [exception.CException] exception 'CException' with message 'CAssetManager.basePath "C:\wamp\www\PROJECTS\papkaj\protected\config\..\..\assets" is invalid. Please make sure the directory exists and is writable by the Web server process.' in C:\wamp\www\PROJECTS\papkaj\yii\framework\web\CAssetManager.php:138
Stack trace:
#0 C:\wamp\www\PROJECTS\papkaj\yii\framework\base\CComponent.php(152): CAssetManager->setBasePath('C:\\wamp\\www\\PRO...')
#1 C:\wamp\www\PROJECTS\papkaj\yii\framework\YiiBase.php(220): CComponent->__set('basePath', 'C:\\wamp\\www\\PRO...')
#2 C:\wamp\www\PROJECTS\papkaj\yii\framework\base\CModule.php(393): YiiBase::createComponent(Array)
#3 C:\wamp\www\PROJECTS\papkaj\yii\framework\base\CModule.php(103): CModule->getComponent('assetManager')
#4 C:\wamp\www\PROJECTS\papkaj\protected\views\layouts\main.php(23): CModule->__get('assetManager')
#5 C:\wamp\www\PROJECTS\papkaj\yii\framework\web\CBaseController.php(126): require('C:\\wamp\\www\\PRO...')
#6 C:\wamp\www\PROJECTS\papkaj\yii\framework\web\CBaseController.php(95): CBaseController->renderInternal('C:\\wamp\\www\\PRO...', Array, true)
#7 C:\wamp\www\PROJECTS\papkaj\yii\framework\web\widgets\CContentDecorator.php(76): CBaseController->renderFile('C:\\wamp\\www\\PRO...', Array, true)
#8 C:\wamp\www\PROJECTS\papkaj\yii\framework\web\widgets\CContentDecorator.php(54): CContentDecorator->decorate('<div id="conten...')
#9 C:\wamp\www\PROJECTS\papkaj\yii\framework\web\widgets\COutputProcessor.php(44): CContentDecorator->processOutput('<div id="conten...')
#10 C:\wamp\www\PROJECTS\papkaj\yii\framework\web\CBaseController.php(214): COutputProcessor->run()
#11 C:\wamp\www\PROJECTS\papkaj\yii\framework\web\CBaseController.php(308): CBaseController->endWidget('CContentDecorat...')
#12 C:\wamp\www\PROJECTS\papkaj\protected\views\layouts\column1.php(6): CBaseController->endContent()
#13 C:\wamp\www\PROJECTS\papkaj\yii\framework\web\CBaseController.php(126): require('C:\\wamp\\www\\PRO...')
#14 C:\wamp\www\PROJECTS\papkaj\yii\framework\web\CBaseController.php(95): CBaseController->renderInternal('C:\\wamp\\www\\PRO...', Array, true)
#15 C:\wamp\www\PROJECTS\papkaj\yii\framework\web\CController.php(784): CBaseController->renderFile('C:\\wamp\\www\\PRO...', Array, true)
#16 C:\wamp\www\PROJECTS\papkaj\protected\controllers\SiteController.php(32): CController->render('index')
#17 C:\wamp\www\PROJECTS\papkaj\yii\framework\web\actions\CInlineAction.php(49): SiteController->actionIndex()
#18 C:\wamp\www\PROJECTS\papkaj\yii\framework\web\CController.php(308): CInlineAction->runWithParams(Array)
#19 C:\wamp\www\PROJECTS\papkaj\yii\framework\web\CController.php(286): CController->runAction(Object(CInlineAction))
#20 C:\wamp\www\PROJECTS\papkaj\yii\framework\web\CController.php(265): CController->runActionWithFilters(Object(CInlineAction), Array)
#21 C:\wamp\www\PROJECTS\papkaj\yii\framework\web\CWebApplication.php(282): CController->run('')
#22 C:\wamp\www\PROJECTS\papkaj\yii\framework\web\CWebApplication.php(141): CWebApplication->runController('')
#23 C:\wamp\www\PROJECTS\papkaj\yii\framework\base\CApplication.php(184): CWebApplication->processRequest()
#24 C:\wamp\www\PROJECTS\papkaj\web\index.php(28): CApplication->run()
#25 {main}
REQUEST_URI=/
---
2015/06/23 18:52:10 [error] [exception.CHttpException.404] exception 'CHttpException' with message 'Unable to resolve the request "bootstrap/bootstrap.css".' in C:\wamp\www\PROJECTS\papkaj\yii\framework\web\CWebApplication.php:286
Stack trace:
#0 C:\wamp\www\PROJECTS\papkaj\yii\framework\web\CWebApplication.php(141): CWebApplication->runController('bootstrap/boots...')
#1 C:\wamp\www\PROJECTS\papkaj\yii\framework\base\CApplication.php(184): CWebApplication->processRequest()
#2 C:\wamp\www\PROJECTS\papkaj\web\index.php(28): CApplication->run()
#3 {main}
REQUEST_URI=/bootstrap/bootstrap.css
HTTP_REFERER=http://papkaj.loc.com/
---
2015/06/23 18:52:29 [error] [exception.CHttpException.404] exception 'CHttpException' with message 'Unable to resolve the request "bootstrap/bootstrap.css".' in C:\wamp\www\PROJECTS\papkaj\yii\framework\web\CWebApplication.php:286
Stack trace:
#0 C:\wamp\www\PROJECTS\papkaj\yii\framework\web\CWebApplication.php(141): CWebApplication->runController('bootstrap/boots...')
#1 C:\wamp\www\PROJECTS\papkaj\yii\framework\base\CApplication.php(184): CWebApplication->processRequest()
#2 C:\wamp\www\PROJECTS\papkaj\web\index.php(28): CApplication->run()
#3 {main}
REQUEST_URI=/bootstrap/bootstrap.css
HTTP_REFERER=http://papkaj.loc.com/
---
2015/06/23 18:52:30 [error] [exception.CHttpException.404] exception 'CHttpException' with message 'Unable to resolve the request "bootstrap/bootstrap.css".' in C:\wamp\www\PROJECTS\papkaj\yii\framework\web\CWebApplication.php:286
Stack trace:
#0 C:\wamp\www\PROJECTS\papkaj\yii\framework\web\CWebApplication.php(141): CWebApplication->runController('bootstrap/boots...')
#1 C:\wamp\www\PROJECTS\papkaj\yii\framework\base\CApplication.php(184): CWebApplication->processRequest()
#2 C:\wamp\www\PROJECTS\papkaj\web\index.php(28): CApplication->run()
#3 {main}
REQUEST_URI=/bootstrap/bootstrap.css
HTTP_REFERER=http://papkaj.loc.com/
---
2015/06/23 18:52:31 [error] [exception.CHttpException.404] exception 'CHttpException' with message 'Unable to resolve the request "bootstrap/bootstrap.css".' in C:\wamp\www\PROJECTS\papkaj\yii\framework\web\CWebApplication.php:286
Stack trace:
#0 C:\wamp\www\PROJECTS\papkaj\yii\framework\web\CWebApplication.php(141): CWebApplication->runController('bootstrap/boots...')
#1 C:\wamp\www\PROJECTS\papkaj\yii\framework\base\CApplication.php(184): CWebApplication->processRequest()
#2 C:\wamp\www\PROJECTS\papkaj\web\index.php(28): CApplication->run()
#3 {main}
REQUEST_URI=/bootstrap/bootstrap.css
HTTP_REFERER=http://papkaj.loc.com/
---
2015/06/23 18:52:31 [error] [exception.CHttpException.404] exception 'CHttpException' with message 'Unable to resolve the request "bootstrap/bootstrap.css".' in C:\wamp\www\PROJECTS\papkaj\yii\framework\web\CWebApplication.php:286
Stack trace:
#0 C:\wamp\www\PROJECTS\papkaj\yii\framework\web\CWebApplication.php(141): CWebApplication->runController('bootstrap/boots...')
#1 C:\wamp\www\PROJECTS\papkaj\yii\framework\base\CApplication.php(184): CWebApplication->processRequest()
#2 C:\wamp\www\PROJECTS\papkaj\web\index.php(28): CApplication->run()
#3 {main}
REQUEST_URI=/bootstrap/bootstrap.css
HTTP_REFERER=http://papkaj.loc.com/
---
2015/06/23 18:52:31 [error] [exception.CHttpException.404] exception 'CHttpException' with message 'Unable to resolve the request "bootstrap/bootstrap.css".' in C:\wamp\www\PROJECTS\papkaj\yii\framework\web\CWebApplication.php:286
Stack trace:
#0 C:\wamp\www\PROJECTS\papkaj\yii\framework\web\CWebApplication.php(141): CWebApplication->runController('bootstrap/boots...')
#1 C:\wamp\www\PROJECTS\papkaj\yii\framework\base\CApplication.php(184): CWebApplication->processRequest()
#2 C:\wamp\www\PROJECTS\papkaj\web\index.php(28): CApplication->run()
#3 {main}
REQUEST_URI=/bootstrap/bootstrap.css
HTTP_REFERER=http://papkaj.loc.com/
---
2015/06/23 18:52:31 [error] [exception.CHttpException.404] exception 'CHttpException' with message 'Unable to resolve the request "bootstrap/bootstrap.css".' in C:\wamp\www\PROJECTS\papkaj\yii\framework\web\CWebApplication.php:286
Stack trace:
#0 C:\wamp\www\PROJECTS\papkaj\yii\framework\web\CWebApplication.php(141): CWebApplication->runController('bootstrap/boots...')
#1 C:\wamp\www\PROJECTS\papkaj\yii\framework\base\CApplication.php(184): CWebApplication->processRequest()
#2 C:\wamp\www\PROJECTS\papkaj\web\index.php(28): CApplication->run()
#3 {main}
REQUEST_URI=/bootstrap/bootstrap.css
HTTP_REFERER=http://papkaj.loc.com/
---
2015/06/23 18:52:36 [error] [exception.CHttpException.404] exception 'CHttpException' with message 'Unable to resolve the request "bootstrap/bootstrap.css".' in C:\wamp\www\PROJECTS\papkaj\yii\framework\web\CWebApplication.php:286
Stack trace:
#0 C:\wamp\www\PROJECTS\papkaj\yii\framework\web\CWebApplication.php(141): CWebApplication->runController('bootstrap/boots...')
#1 C:\wamp\www\PROJECTS\papkaj\yii\framework\base\CApplication.php(184): CWebApplication->processRequest()
#2 C:\wamp\www\PROJECTS\papkaj\web\index.php(28): CApplication->run()
#3 {main}
REQUEST_URI=/bootstrap/bootstrap.css
HTTP_REFERER=http://papkaj.loc.com/
---
2015/06/23 18:58:49 [error] [exception.CException] exception 'CException' with message 'SiteController and its behaviors do not have a method or closure named "getParentAsset".' in C:\wamp\www\PROJECTS\papkaj\yii\framework\base\CComponent.php:266
Stack trace:
#0 C:\wamp\www\PROJECTS\papkaj\protected\views\layouts\main.php(5): CComponent->__call('getParentAsset', Array)
#1 C:\wamp\www\PROJECTS\papkaj\protected\views\layouts\main.php(5): SiteController->getParentAsset('frontend/js/jqu...')
#2 C:\wamp\www\PROJECTS\papkaj\yii\framework\web\CBaseController.php(126): require('C:\\wamp\\www\\PRO...')
#3 C:\wamp\www\PROJECTS\papkaj\yii\framework\web\CBaseController.php(95): CBaseController->renderInternal('C:\\wamp\\www\\PRO...', Array, true)
#4 C:\wamp\www\PROJECTS\papkaj\yii\framework\web\widgets\CContentDecorator.php(76): CBaseController->renderFile('C:\\wamp\\www\\PRO...', Array, true)
#5 C:\wamp\www\PROJECTS\papkaj\yii\framework\web\widgets\CContentDecorator.php(54): CContentDecorator->decorate('<div id="conten...')
#6 C:\wamp\www\PROJECTS\papkaj\yii\framework\web\widgets\COutputProcessor.php(44): CContentDecorator->processOutput('<div id="conten...')
#7 C:\wamp\www\PROJECTS\papkaj\yii\framework\web\CBaseController.php(214): COutputProcessor->run()
#8 C:\wamp\www\PROJECTS\papkaj\yii\framework\web\CBaseController.php(308): CBaseController->endWidget('CContentDecorat...')
#9 C:\wamp\www\PROJECTS\papkaj\protected\views\layouts\column1.php(6): CBaseController->endContent()
#10 C:\wamp\www\PROJECTS\papkaj\yii\framework\web\CBaseController.php(126): require('C:\\wamp\\www\\PRO...')
#11 C:\wamp\www\PROJECTS\papkaj\yii\framework\web\CBaseController.php(95): CBaseController->renderInternal('C:\\wamp\\www\\PRO...', Array, true)
#12 C:\wamp\www\PROJECTS\papkaj\yii\framework\web\CController.php(784): CBaseController->renderFile('C:\\wamp\\www\\PRO...', Array, true)
#13 C:\wamp\www\PROJECTS\papkaj\protected\controllers\SiteController.php(32): CController->render('index')
#14 C:\wamp\www\PROJECTS\papkaj\yii\framework\web\actions\CInlineAction.php(49): SiteController->actionIndex()
#15 C:\wamp\www\PROJECTS\papkaj\yii\framework\web\CController.php(308): CInlineAction->runWithParams(Array)
#16 C:\wamp\www\PROJECTS\papkaj\yii\framework\web\CController.php(286): CController->runAction(Object(CInlineAction))
#17 C:\wamp\www\PROJECTS\papkaj\yii\framework\web\CController.php(265): CController->runActionWithFilters(Object(CInlineAction), Array)
#18 C:\wamp\www\PROJECTS\papkaj\yii\framework\web\CWebApplication.php(282): CController->run('')
#19 C:\wamp\www\PROJECTS\papkaj\yii\framework\web\CWebApplication.php(141): CWebApplication->runController('')
#20 C:\wamp\www\PROJECTS\papkaj\yii\framework\base\CApplication.php(184): CWebApplication->processRequest()
#21 C:\wamp\www\PROJECTS\papkaj\web\index.php(28): CApplication->run()
#22 {main}
REQUEST_URI=/
---
2015/06/23 19:01:55 [error] [exception.CHttpException.404] exception 'CHttpException' with message 'Unable to resolve the request "frontend//assets".' in C:\wamp\www\PROJECTS\papkaj\yii\framework\web\CWebApplication.php:286
Stack trace:
#0 C:\wamp\www\PROJECTS\papkaj\yii\framework\web\CWebApplication.php(141): CWebApplication->runController('frontend//asset...')
#1 C:\wamp\www\PROJECTS\papkaj\yii\framework\base\CApplication.php(184): CWebApplication->processRequest()
#2 C:\wamp\www\PROJECTS\papkaj\web\index.php(28): CApplication->run()
#3 {main}
REQUEST_URI=/frontend//assets/
HTTP_REFERER=http://papkaj.loc.com/
---
2015/06/23 19:01:56 [error] [exception.CHttpException.404] exception 'CHttpException' with message 'Unable to resolve the request "frontend//assets".' in C:\wamp\www\PROJECTS\papkaj\yii\framework\web\CWebApplication.php:286
Stack trace:
#0 C:\wamp\www\PROJECTS\papkaj\yii\framework\web\CWebApplication.php(141): CWebApplication->runController('frontend//asset...')
#1 C:\wamp\www\PROJECTS\papkaj\yii\framework\base\CApplication.php(184): CWebApplication->processRequest()
#2 C:\wamp\www\PROJECTS\papkaj\web\index.php(28): CApplication->run()
#3 {main}
REQUEST_URI=/frontend//assets/
HTTP_REFERER=http://papkaj.loc.com/
---
2015/06/23 19:01:57 [error] [exception.CHttpException.404] exception 'CHttpException' with message 'Unable to resolve the request "frontend//assets".' in C:\wamp\www\PROJECTS\papkaj\yii\framework\web\CWebApplication.php:286
Stack trace:
#0 C:\wamp\www\PROJECTS\papkaj\yii\framework\web\CWebApplication.php(141): CWebApplication->runController('frontend//asset...')
#1 C:\wamp\www\PROJECTS\papkaj\yii\framework\base\CApplication.php(184): CWebApplication->processRequest()
#2 C:\wamp\www\PROJECTS\papkaj\web\index.php(28): CApplication->run()
#3 {main}
REQUEST_URI=/frontend//assets/
HTTP_REFERER=http://papkaj.loc.com/
---
2015/06/23 19:03:27 [error] [exception.CHttpException.404] exception 'CHttpException' with message 'Unable to resolve the request "frontend/bootsrtap/css/bootstrap.css".' in C:\wamp\www\PROJECTS\papkaj\yii\framework\web\CWebApplication.php:286
Stack trace:
#0 C:\wamp\www\PROJECTS\papkaj\yii\framework\web\CWebApplication.php(141): CWebApplication->runController('frontend/bootsr...')
#1 C:\wamp\www\PROJECTS\papkaj\yii\framework\base\CApplication.php(184): CWebApplication->processRequest()
#2 C:\wamp\www\PROJECTS\papkaj\web\index.php(28): CApplication->run()
#3 {main}
REQUEST_URI=/frontend/bootsrtap/css/bootstrap.css
HTTP_REFERER=http://papkaj.loc.com/
---
2015/06/23 19:03:27 [error] [exception.CHttpException.404] exception 'CHttpException' with message 'Unable to resolve the request "frontend/bootsrtap/css/bootstrap.css".' in C:\wamp\www\PROJECTS\papkaj\yii\framework\web\CWebApplication.php:286
Stack trace:
#0 C:\wamp\www\PROJECTS\papkaj\yii\framework\web\CWebApplication.php(141): CWebApplication->runController('frontend/bootsr...')
#1 C:\wamp\www\PROJECTS\papkaj\yii\framework\base\CApplication.php(184): CWebApplication->processRequest()
#2 C:\wamp\www\PROJECTS\papkaj\web\index.php(28): CApplication->run()
#3 {main}
REQUEST_URI=/frontend/bootsrtap/css/bootstrap.css
HTTP_REFERER=http://papkaj.loc.com/
---
2015/06/23 19:03:28 [error] [exception.CHttpException.404] exception 'CHttpException' with message 'Unable to resolve the request "frontend/bootsrtap/css/bootstrap.css".' in C:\wamp\www\PROJECTS\papkaj\yii\framework\web\CWebApplication.php:286
Stack trace:
#0 C:\wamp\www\PROJECTS\papkaj\yii\framework\web\CWebApplication.php(141): CWebApplication->runController('frontend/bootsr...')
#1 C:\wamp\www\PROJECTS\papkaj\yii\framework\base\CApplication.php(184): CWebApplication->processRequest()
#2 C:\wamp\www\PROJECTS\papkaj\web\index.php(28): CApplication->run()
#3 {main}
REQUEST_URI=/frontend/bootsrtap/css/bootstrap.css
HTTP_REFERER=http://papkaj.loc.com/
---
2015/06/23 19:03:28 [error] [exception.CHttpException.404] exception 'CHttpException' with message 'Unable to resolve the request "frontend/bootsrtap/css/bootstrap.css".' in C:\wamp\www\PROJECTS\papkaj\yii\framework\web\CWebApplication.php:286
Stack trace:
#0 C:\wamp\www\PROJECTS\papkaj\yii\framework\web\CWebApplication.php(141): CWebApplication->runController('frontend/bootsr...')
#1 C:\wamp\www\PROJECTS\papkaj\yii\framework\base\CApplication.php(184): CWebApplication->processRequest()
#2 C:\wamp\www\PROJECTS\papkaj\web\index.php(28): CApplication->run()
#3 {main}
REQUEST_URI=/frontend/bootsrtap/css/bootstrap.css
HTTP_REFERER=http://papkaj.loc.com/
---
2015/06/23 19:03:28 [error] [exception.CHttpException.404] exception 'CHttpException' with message 'Unable to resolve the request "frontend/bootsrtap/css/bootstrap.css".' in C:\wamp\www\PROJECTS\papkaj\yii\framework\web\CWebApplication.php:286
Stack trace:
#0 C:\wamp\www\PROJECTS\papkaj\yii\framework\web\CWebApplication.php(141): CWebApplication->runController('frontend/bootsr...')
#1 C:\wamp\www\PROJECTS\papkaj\yii\framework\base\CApplication.php(184): CWebApplication->processRequest()
#2 C:\wamp\www\PROJECTS\papkaj\web\index.php(28): CApplication->run()
#3 {main}
REQUEST_URI=/frontend/bootsrtap/css/bootstrap.css
HTTP_REFERER=http://papkaj.loc.com/
---
2015/06/23 19:10:11 [error] [exception.CHttpException.404] exception 'CHttpException' with message 'Unable to resolve the request "favicon.ico".' in C:\wamp\www\PROJECTS\papkaj\yii\framework\web\CWebApplication.php:286
Stack trace:
#0 C:\wamp\www\PROJECTS\papkaj\yii\framework\web\CWebApplication.php(141): CWebApplication->runController('favicon.ico')
#1 C:\wamp\www\PROJECTS\papkaj\yii\framework\base\CApplication.php(184): CWebApplication->processRequest()
#2 C:\wamp\www\PROJECTS\papkaj\web\index.php(28): CApplication->run()
#3 {main}
REQUEST_URI=/favicon.ico
HTTP_REFERER=http://papkaj.loc.com/
---
2015/06/23 19:11:46 [error] [exception.CHttpException.404] exception 'CHttpException' with message 'Unable to resolve the request "favicon.ico".' in C:\wamp\www\PROJECTS\papkaj\yii\framework\web\CWebApplication.php:286
Stack trace:
#0 C:\wamp\www\PROJECTS\papkaj\yii\framework\web\CWebApplication.php(141): CWebApplication->runController('favicon.ico')
#1 C:\wamp\www\PROJECTS\papkaj\yii\framework\base\CApplication.php(184): CWebApplication->processRequest()
#2 C:\wamp\www\PROJECTS\papkaj\web\index.php(28): CApplication->run()
#3 {main}
REQUEST_URI=/favicon.ico
---
2015/06/23 19:34:39 [error] [exception.CHttpException.404] exception 'CHttpException' with message 'Unable to resolve the request "login".' in C:\wamp\www\PROJECTS\papkaj\yii\framework\web\CWebApplication.php:286
Stack trace:
#0 C:\wamp\www\PROJECTS\papkaj\yii\framework\web\CWebApplication.php(141): CWebApplication->runController('login')
#1 C:\wamp\www\PROJECTS\papkaj\yii\framework\base\CApplication.php(184): CWebApplication->processRequest()
#2 C:\wamp\www\PROJECTS\papkaj\web\index.php(28): CApplication->run()
#3 {main}
REQUEST_URI=/login
---
2015/06/23 19:36:09 [error] [exception.CHttpException.404] exception 'CHttpException' with message 'Unable to resolve the request "login".' in C:\wamp\www\PROJECTS\papkaj\yii\framework\web\CWebApplication.php:286
Stack trace:
#0 C:\wamp\www\PROJECTS\papkaj\yii\framework\web\CWebApplication.php(141): CWebApplication->runController('login')
#1 C:\wamp\www\PROJECTS\papkaj\yii\framework\base\CApplication.php(184): CWebApplication->processRequest()
#2 C:\wamp\www\PROJECTS\papkaj\web\index.php(28): CApplication->run()
#3 {main}
REQUEST_URI=/login
---
2015/06/23 19:40:47 [error] [exception.CHttpException.404] exception 'CHttpException' with message 'Unable to resolve the request "css/screen.css".' in C:\wamp\www\PROJECTS\papkaj\yii\framework\web\CWebApplication.php:286
Stack trace:
#0 C:\wamp\www\PROJECTS\papkaj\yii\framework\web\CWebApplication.php(141): CWebApplication->runController('css/screen.css')
#1 C:\wamp\www\PROJECTS\papkaj\yii\framework\base\CApplication.php(184): CWebApplication->processRequest()
#2 C:\wamp\www\PROJECTS\papkaj\web\index.php(28): CApplication->run()
#3 {main}
REQUEST_URI=/css/screen.css
HTTP_REFERER=http://papkaj.loc.com/?
---
2015/06/23 19:40:47 [error] [exception.CHttpException.404] exception 'CHttpException' with message 'Unable to resolve the request "css/main.css".' in C:\wamp\www\PROJECTS\papkaj\yii\framework\web\CWebApplication.php:286
Stack trace:
#0 C:\wamp\www\PROJECTS\papkaj\yii\framework\web\CWebApplication.php(141): CWebApplication->runController('css/main.css')
#1 C:\wamp\www\PROJECTS\papkaj\yii\framework\base\CApplication.php(184): CWebApplication->processRequest()
#2 C:\wamp\www\PROJECTS\papkaj\web\index.php(28): CApplication->run()
#3 {main}
REQUEST_URI=/css/main.css
HTTP_REFERER=http://papkaj.loc.com/?
---
2015/06/23 19:40:47 [error] [exception.CHttpException.404] exception 'CHttpException' with message 'Unable to resolve the request "css/form.css".' in C:\wamp\www\PROJECTS\papkaj\yii\framework\web\CWebApplication.php:286
Stack trace:
#0 C:\wamp\www\PROJECTS\papkaj\yii\framework\web\CWebApplication.php(141): CWebApplication->runController('css/form.css')
#1 C:\wamp\www\PROJECTS\papkaj\yii\framework\base\CApplication.php(184): CWebApplication->processRequest()
#2 C:\wamp\www\PROJECTS\papkaj\web\index.php(28): CApplication->run()
#3 {main}
REQUEST_URI=/css/form.css
HTTP_REFERER=http://papkaj.loc.com/?
---
2015/06/23 19:40:47 [error] [exception.CHttpException.404] exception 'CHttpException' with message 'Unable to resolve the request "css/print.css".' in C:\wamp\www\PROJECTS\papkaj\yii\framework\web\CWebApplication.php:286
Stack trace:
#0 C:\wamp\www\PROJECTS\papkaj\yii\framework\web\CWebApplication.php(141): CWebApplication->runController('css/print.css')
#1 C:\wamp\www\PROJECTS\papkaj\yii\framework\base\CApplication.php(184): CWebApplication->processRequest()
#2 C:\wamp\www\PROJECTS\papkaj\web\index.php(28): CApplication->run()
#3 {main}
REQUEST_URI=/css/print.css
HTTP_REFERER=http://papkaj.loc.com/?
---
